Log for:D:/Marats training/skill/git/test/
# timestamp | duration | file | instruction | dir | modtime | etag | size | fileId | status | errorString | http result code | other size | other modtime | X-Request-ID
#=#=#=# Syncrun started 2023-07-19T03:01:45Z
#=#=#=#=# Propagation starts 2023-07-19T03:01:45Z (last step: 604 msec , total: 604 msec) 
2023-07-19T03:01:45Z | README.md | SyncInstruction(CSYNC_INSTRUCTION_NEW) | OCC::SyncFileItem::Up | | 1685942869 | fcb942e4998dffaf61e8dc2a13d4a954 | 6298 | 00468592ocq6a30y79n3 | OCC::SyncFileItem::Success |  | 201 | 0 | 0 | 956f366b-c648-4349-bee6-7dc9ce59bbbd | 
2023-07-19T03:01:49Z | 1.python/10.0/10.1/10.1.1.py | SyncInstruction(CSYNC_INSTRUCTION_NEW) | OCC::SyncFileItem::Up | | 1687749362 | c99f4bc4aef66f58ce7250d6552f478b | 103 | 00468604ocq6a30y79n3 | OCC::SyncFileItem::Success |  | 201 | 0 | 0 | 7a6b0bf4-d379-499b-8ef5-169f59ae74d9 | 
2023-07-19T03:01:49Z | 1.python/10.0/10.1/10.1.2.py | SyncInstruction(CSYNC_INSTRUCTION_NEW) | OCC::SyncFileItem::Up | | 1687749362 | 03396a60c087e1a744f5c08efa187c06 | 148 | 00468608ocq6a30y79n3 | OCC::SyncFileItem::Success |  | 201 | 0 | 0 | 88805725-6940-4d57-a37b-14d7b6fbd8d7 | 
2023-07-19T03:01:49Z | 1.python/10.0/10.1/10.1.3.py | SyncInstruction(CSYNC_INSTRUCTION_NEW) | OCC::SyncFileItem::Up | | 1687749362 | 379b90bf73f0ea21cc102e81fbf8202c | 107 | 00468606ocq6a30y79n3 | OCC::SyncFileItem::Success |  | 201 | 0 | 0 | d9233454-fb95-48c7-adda-6eed4951fb65 | 
2023-07-19T03:01:47Z | 1.python/10.0/10.1 | SyncInstruction(CSYNC_INSTRUCTION_NEW) | OCC::SyncFileItem::Up | | 1687749362 |  | 0 | 00468601ocq6a30y79n3 | OCC::SyncFileItem::Success |  | 201 | 0 | 0 | 5f25f0f3-bbf8-4eb9-a6e9-47cd842c085c | 
2023-07-19T03:01:50Z | 1.python/10.0/10.2/10.2.3.py | SyncInstruction(CSYNC_INSTRUCTION_NEW) | OCC::SyncFileItem::Up | | 1687749362 | 710c72cfa02f62aefb5bab24e9f34d74 | 218 | 00468610ocq6a30y79n3 | OCC::SyncFileItem::Success |  | 201 | 0 | 0 | 32d9eb84-4c7e-4323-9a78-e73ccd020fe0 | 
2023-07-19T03:01:50Z | 1.python/10.0/10.2/10.2.2.py | SyncInstruction(CSYNC_INSTRUCTION_NEW) | OCC::SyncFileItem::Up | | 1687749362 | 13814ece1666635ac2c31f7fd02b4677 | 218 | 00468609ocq6a30y79n3 | OCC::SyncFileItem::Success |  | 201 | 0 | 0 | 08f86683-ba1a-4df9-8b12-6ca243574a6b | 
2023-07-19T03:01:50Z | 1.python/10.0/10.2/10.2.1.py | SyncInstruction(CSYNC_INSTRUCTION_NEW) | OCC::SyncFileItem::Up | | 1687749362 | a0b3221cc15c2fc871461e1de449afbc | 239 | 00468611ocq6a30y79n3 | OCC::SyncFileItem::Success |  | 201 | 0 | 0 | 310ffdb7-7ca4-4ce7-a1c6-9b818067d523 | 
2023-07-19T03:01:47Z | 1.python/10.0/10.2 | SyncInstruction(CSYNC_INSTRUCTION_NEW) | OCC::SyncFileItem::Up | | 1687749362 |  | 0 | 00468600ocq6a30y79n3 | OCC::SyncFileItem::Success |  | 201 | 0 | 0 | 7f68fb02-f82d-478e-90fa-ae5faebc051c | 
2023-07-19T03:01:50Z | 1.python/10.0/10.3/10.3.1.py | SyncInstruction(CSYNC_INSTRUCTION_NEW) | OCC::SyncFileItem::Up | | 1687749362 | 10cb4027f58188c1d74081a184474ff3 | 281 | 00468612ocq6a30y79n3 | OCC::SyncFileItem::Success |  | 201 | 0 | 0 | d35f460d-3ff6-4375-a899-5ac9044edb95 | 
2023-07-19T03:01:51Z | 1.python/10.0/10.3/10.3.3.py | SyncInstruction(CSYNC_INSTRUCTION_NEW) | OCC::SyncFileItem::Up | | 1687749362 | feb12b427a7aa3b944133ff26f000a8f | 898 | 00468615ocq6a30y79n3 | OCC::SyncFileItem::Success |  | 201 | 0 | 0 | d37c7350-395f-45a0-b6ae-eaa5c2528d36 | 
2023-07-19T03:01:51Z | 1.python/10.0/10.4/10.4.1.py | SyncInstruction(CSYNC_INSTRUCTION_NEW) | OCC::SyncFileItem::Up | | 1687749362 | 379efd9a9e433e5f5fc1d38ad9420c96 | 242 | 00468613ocq6a30y79n3 | OCC::SyncFileItem::Success |  | 201 | 0 | 0 | 0bd8ada2-8a66-4b53-b61c-1a8f9fab2638 | 
2023-07-19T03:01:51Z | 1.python/10.0/10.4/10.4.2.py | SyncInstruction(CSYNC_INSTRUCTION_NEW) | OCC::SyncFileItem::Up | | 1687749362 | 647acab32907ac7a1d1c17a68a6f866f | 675 | 00468616ocq6a30y79n3 | OCC::SyncFileItem::Success |  | 201 | 0 | 0 | 132fd439-117f-49a0-b89f-38795f04301d | 
2023-07-19T03:01:51Z | 1.python/10.0/10.4/10.4.3.py | SyncInstruction(CSYNC_INSTRUCTION_NEW) | OCC::SyncFileItem::Up | | 1687749362 | 3c2e4170884bb367f84ac7559717bfb2 | 412 | 00468617ocq6a30y79n3 | OCC::SyncFileItem::Success |  | 201 | 0 | 0 | bd883a32-1080-4bf3-b17f-6d46fa984eb1 | 
2023-07-19T03:01:48Z | 1.python/10.0/10.4 | SyncInstruction(CSYNC_INSTRUCTION_NEW) | OCC::SyncFileItem::Up | | 1687749362 |  | 0 | 00468603ocq6a30y79n3 | OCC::SyncFileItem::Success |  | 201 | 0 | 0 | 87ab2793-5b45-45f7-b6ee-22ebfd2a232d | 
2023-07-19T03:01:51Z | 1.python/10.0/10.3/10.3.2.py | SyncInstruction(CSYNC_INSTRUCTION_NEW) | OCC::SyncFileItem::Up | | 1687749362 | 2636198ac72d063d3c524db7e8f0ba66 | 348 | 00468614ocq6a30y79n3 | OCC::SyncFileItem::Success |  | 201 | 0 | 0 | 495e6e0b-77f3-460f-9bcb-f855ca0d260e | 
2023-07-19T03:01:48Z | 1.python/10.0/10.3 | SyncInstruction(CSYNC_INSTRUCTION_NEW) | OCC::SyncFileItem::Up | | 1687749362 |  | 0 | 00468602ocq6a30y79n3 | OCC::SyncFileItem::Success |  | 201 | 0 | 0 | 97de4c79-dfd3-4240-af2e-7661596e2ae7 | 
2023-07-19T03:01:46Z | 1.python/10.0 | SyncInstruction(CSYNC_INSTRUCTION_NEW) | OCC::SyncFileItem::Up | | 1687749362 |  | 0 | 00468595ocq6a30y79n3 | OCC::SyncFileItem::Success |  | 201 | 0 | 0 | a5eb3adb-d8a1-49b4-a91f-e32957dc975f | 
2023-07-19T03:01:53Z | 1.python/11.0/11.2/11.2.2.py | SyncInstruction(CSYNC_INSTRUCTION_NEW) | OCC::SyncFileItem::Up | | 1687749362 | 44df7eb362b188f694a8ebf4003f1a16 | 204 | 00468618ocq6a30y79n3 | OCC::SyncFileItem::Success |  | 201 | 0 | 0 | aaa89df8-ded9-4f53-b057-d8a3a7e70df0 | 
2023-07-19T03:01:52Z | 1.python/11.0/11.2/11.2.1.py | SyncInstruction(CSYNC_INSTRUCTION_NEW) | OCC::SyncFileItem::Up | | 1687749362 | 09f67470fa331d01d1262e65f5ba7f91 | 190 | 00468619ocq6a30y79n3 | OCC::SyncFileItem::Success |  | 201 | 0 | 0 | aa7b1890-c823-41c6-988c-15539d6cebf9 | 
2023-07-19T03:01:53Z | 1.python/11.0/11.3/11.3.1.py | SyncInstruction(CSYNC_INSTRUCTION_NEW) | OCC::SyncFileItem::Up | | 1687749362 | d4265efbb829ed572e4b2be6ed8ac559 | 192 | 00468620ocq6a30y79n3 | OCC::SyncFileItem::Success |  | 201 | 0 | 0 | 2c65cb56-1590-4dbe-bc86-413b52ae5224 | 
2023-07-19T03:01:53Z | 1.python/11.0/11.2/11.2.3.py | SyncInstruction(CSYNC_INSTRUCTION_NEW) | OCC::SyncFileItem::Up | | 1687749362 | af74019ab09f08f085f749b5fae94642 | 422 | 00468621ocq6a30y79n3 | OCC::SyncFileItem::Success |  | 201 | 0 | 0 | 4b03c5a5-ba91-4e04-af89-1f355c8cea52 | 
2023-07-19T03:01:48Z | 1.python/11.0/11.2 | SyncInstruction(CSYNC_INSTRUCTION_NEW) | OCC::SyncFileItem::Up | | 1687749362 |  | 0 | 00468605ocq6a30y79n3 | OCC::SyncFileItem::Success |  | 201 | 0 | 0 | 360484af-d7cb-445c-a87c-82b9b9a2972a | 
2023-07-19T03:01:53Z | 1.python/11.0/11.3/11.3.2.py | SyncInstruction(CSYNC_INSTRUCTION_NEW) | OCC::SyncFileItem::Up | | 1687749362 | 79a4e2c169b1422df07d6b3009d444d8 | 412 | 00468622ocq6a30y79n3 | OCC::SyncFileItem::Success |  | 201 | 0 | 0 | 239462b6-17b7-424c-a769-2735e4d82804 | 
2023-07-19T03:01:53Z | 1.python/11.0/11.3/11.3.3.py | SyncInstruction(CSYNC_INSTRUCTION_NEW) | OCC::SyncFileItem::Up | | 1687749362 | 58e3dfe8307d66e84a577d1a1a521f2c | 676 | 00468623ocq6a30y79n3 | OCC::SyncFileItem::Success |  | 201 | 0 | 0 | 154d9cbb-bc43-4edb-8fd7-b6c387547a72 | 
2023-07-19T03:01:49Z | 1.python/11.0/11.3 | SyncInstruction(CSYNC_INSTRUCTION_NEW) | OCC::SyncFileItem::Up | | 1687749362 |  | 0 | 00468607ocq6a30y79n3 | OCC::SyncFileItem::Success |  | 201 | 0 | 0 | c494c37d-8cdc-4ae6-a380-39c1dd1333ea | 
2023-07-19T03:01:54Z | 1.python/12.0/12.2/12.2.2.py | SyncInstruction(CSYNC_INSTRUCTION_NEW) | OCC::SyncFileItem::Up | | 1687749362 | f90a4577273fd8c610fc3c833ab4a917 | 333 | 00468624ocq6a30y79n3 | OCC::SyncFileItem::Success |  | 201 | 0 | 0 | af9afc5f-b50a-4bb7-9111-a9eeaa39ab51 | 
2023-07-19T03:01:54Z | 1.python/12.0/12.2/12.2.1.py | SyncInstruction(CSYNC_INSTRUCTION_NEW) | OCC::SyncFileItem::Up | | 1687749362 | 4ea934bec58af2e378930dc48ecd3bc5 | 241 | 00468627ocq6a30y79n3 | OCC::SyncFileItem::Success |  | 201 | 0 | 0 | 4c3a140b-a4cf-4eba-b9c4-b86a63f97c98 | 
2023-07-19T03:01:54Z | 1.python/12.0/12.2/12.2.3.py | SyncInstruction(CSYNC_INSTRUCTION_NEW) | OCC::SyncFileItem::Up | | 1687749362 | 9ffc8a98fc1a36d42d08a05278765b59 | 207 | 00468629ocq6a30y79n3 | OCC::SyncFileItem::Success |  | 201 | 0 | 0 | ed6a8ca8-5f73-4376-a7d0-f0e706665127 | 
2023-07-19T03:01:47Z | 1.python/12.0/12.2 | SyncInstruction(CSYNC_INSTRUCTION_NEW) | OCC::SyncFileItem::Up | | 1687749362 |  | 0 | 00468599ocq6a30y79n3 | OCC::SyncFileItem::Success |  | 201 | 0 | 0 | 1ab604b7-4c67-4c91-830f-dae86150ca9a | 
2023-07-19T03:01:55Z | 1.python/11.0/11.4/11.4.1.py | SyncInstruction(CSYNC_INSTRUCTION_NEW) | OCC::SyncFileItem::Up | | 1687749362 | 5bb11bf369c8879a92992ad4915fd980 | 169 | 00468631ocq6a30y79n3 | OCC::SyncFileItem::Success |  | 201 | 0 | 0 | b28b2e8a-a7e8-42d8-9a2e-1e6620ba8171 | 
2023-07-19T03:01:56Z | 1.python/11.0/11.4/11.4.3.py | SyncInstruction(CSYNC_INSTRUCTION_NEW) | OCC::SyncFileItem::Up | | 1687749362 | 3b242087fde2e3279b248eeee1294600 | 946 | 00468633ocq6a30y79n3 | OCC::SyncFileItem::Success |  | 201 | 0 | 0 | 0f64b421-c99c-497a-aa6c-a31a3f2590df | 
2023-07-19T03:01:56Z | 1.python/11.0/11.4/11.4.2.py | SyncInstruction(CSYNC_INSTRUCTION_NEW) | OCC::SyncFileItem::Up | | 1687749362 | 215ea12a4836464f6605c202e598c4c8 | 179 | 00468632ocq6a30y79n3 | OCC::SyncFileItem::Success |  | 201 | 0 | 0 | ded87147-f627-4663-9cf6-a267bf153b7d | 
2023-07-19T03:01:54Z | 1.python/11.0/11.4 | SyncInstruction(CSYNC_INSTRUCTION_NEW) | OCC::SyncFileItem::Up | | 1687749362 |  | 0 | 00468625ocq6a30y79n3 | OCC::SyncFileItem::Success |  | 201 | 0 | 0 | e44a82bf-2db4-4d9b-9c7c-6804a368ae6d | 
2023-07-19T03:01:46Z | 1.python/11.0 | SyncInstruction(CSYNC_INSTRUCTION_NEW) | OCC::SyncFileItem::Up | | 1687749362 |  | 0 | 00468596ocq6a30y79n3 | OCC::SyncFileItem::Success |  | 201 | 0 | 0 | 7f727cad-ae79-4cf5-a410-1adbb3927a53 | 
2023-07-19T03:01:57Z | 1.python/12.0/12.3/12.3.1.py | SyncInstruction(CSYNC_INSTRUCTION_NEW) | OCC::SyncFileItem::Up | | 1687749362 | 87e85f9f5054d832a9b8e8c882d44297 | 209 | 00468634ocq6a30y79n3 | OCC::SyncFileItem::Success |  | 201 | 0 | 0 | e7ecfdcc-32c7-4a20-9fb5-09f10b2d67fe | 
2023-07-19T03:01:57Z | 1.python/12.0/12.3/12.3.2.py | SyncInstruction(CSYNC_INSTRUCTION_NEW) | OCC::SyncFileItem::Up | | 1687749362 | a1ab9f1c5f5ee2532ba68b2ec480c779 | 326 | 00468635ocq6a30y79n3 | OCC::SyncFileItem::Success |  | 201 | 0 | 0 | 408968ae-fb2c-458c-a64d-d0079c17fe3a | 
2023-07-19T03:01:57Z | 1.python/12.0/12.4/12.4.1.py | SyncInstruction(CSYNC_INSTRUCTION_NEW) | OCC::SyncFileItem::Up | | 1687749362 | 184f1300f36e92873d2e2ac6c26ad51c | 222 | 00468638ocq6a30y79n3 | OCC::SyncFileItem::Success |  | 201 | 0 | 0 | 139b7659-d23f-493e-89ad-29872967c63e | 
2023-07-19T03:01:58Z | 1.python/12.0/12.4/12.4.3.py | SyncInstruction(CSYNC_INSTRUCTION_NEW) | OCC::SyncFileItem::Up | | 1687749362 | 19f499d63c7fa14294766952d53e13c2 | 1138 | 00468639ocq6a30y79n3 | OCC::SyncFileItem::Success |  | 201 | 0 | 0 | 5b2abfad-bd26-46b2-8e12-a621941859b7 | 
2023-07-19T03:01:57Z | 1.python/12.0/12.3/12.3.3.py | SyncInstruction(CSYNC_INSTRUCTION_NEW) | OCC::SyncFileItem::Up | | 1687749362 | 8308b83d491bf931d44bdcc39918eb5e | 758 | 00468636ocq6a30y79n3 | OCC::SyncFileItem::Success |  | 201 | 0 | 0 | 9ddc84f0-05e5-48b8-a48f-17309b7658fb | 
2023-07-19T03:01:54Z | 1.python/12.0/12.3 | SyncInstruction(CSYNC_INSTRUCTION_NEW) | OCC::SyncFileItem::Up | | 1687749362 |  | 0 | 00468626ocq6a30y79n3 | OCC::SyncFileItem::Success |  | 201 | 0 | 0 | 3b86593e-312f-4cf8-8c63-73dfe9cc87ba | 
2023-07-19T03:01:57Z | 1.python/12.0/12.4/12.4.2.py | SyncInstruction(CSYNC_INSTRUCTION_NEW) | OCC::SyncFileItem::Up | | 1687749362 | 9dee753c2c34a20f924adaeb44ed5ffc | 775 | 00468637ocq6a30y79n3 | OCC::SyncFileItem::Success |  | 201 | 0 | 0 | 706cad37-5dbc-4f59-82e9-45d1dded370f | 
2023-07-19T03:01:55Z | 1.python/12.0/12.4 | SyncInstruction(CSYNC_INSTRUCTION_NEW) | OCC::SyncFileItem::Up | | 1687749362 |  | 0 | 00468630ocq6a30y79n3 | OCC::SyncFileItem::Success |  | 201 | 0 | 0 | 73dd82ee-0425-42e5-b5bf-1bddb9b06cc9 | 
2023-07-19T03:01:46Z | 1.python/12.0 | SyncInstruction(CSYNC_INSTRUCTION_NEW) | OCC::SyncFileItem::Up | | 1687749362 |  | 0 | 00468594ocq6a30y79n3 | OCC::SyncFileItem::Success |  | 201 | 0 | 0 | 4e98617a-ecee-4d35-bfc4-9836dab234f7 | 
2023-07-19T03:01:58Z | 1.python/13.0/13.2/13.2.2.py | SyncInstruction(CSYNC_INSTRUCTION_NEW) | OCC::SyncFileItem::Up | | 1687749362 | d07bf4f34ba336c5087a86189e003c48 | 405 | 00468641ocq6a30y79n3 | OCC::SyncFileItem::Success |  | 201 | 0 | 0 | b6137c08-bc5f-4be5-9441-eb07a0829ada | 
2023-07-19T03:01:58Z | 1.python/13.0/13.2/13.2.3.py | SyncInstruction(CSYNC_INSTRUCTION_NEW) | OCC::SyncFileItem::Up | | 1687749362 | 939d4da37e355e8fd349ddcbdf955b88 | 650 | 00468642ocq6a30y79n3 | OCC::SyncFileItem::Success |  | 201 | 0 | 0 | d9b4ae64-96c4-4b4b-a4a0-38be7dbbfe3e | 
2023-07-19T03:01:58Z | 1.python/13.0/13.2/13.2.1.py | SyncInstruction(CSYNC_INSTRUCTION_NEW) | OCC::SyncFileItem::Up | | 1687749362 | 77096ad74ec9b05aa6329396c451cf32 | 362 | 00468640ocq6a30y79n3 | OCC::SyncFileItem::Success |  | 201 | 0 | 0 | 870740b8-f4c0-4776-9365-8eef88815736 | 
2023-07-19T03:01:55Z | 1.python/13.0/13.2 | SyncInstruction(CSYNC_INSTRUCTION_NEW) | OCC::SyncFileItem::Up | | 1687749362 |  | 0 | 00468628ocq6a30y79n3 | OCC::SyncFileItem::Success |  | 201 | 0 | 0 | efe8bce9-8606-4862-8497-1fee55d1bb6a | 
2023-07-19T03:02:00Z | 1.python/5.6/admission.py | SyncInstruction(CSYNC_INSTRUCTION_NEW) | OCC::SyncFileItem::Up | | 1687749362 | 10b47a2908911014f0cbdb8c8f9da9b6 | 590 | 00468644ocq6a30y79n3 | OCC::SyncFileItem::Success |  | 201 | 0 | 0 | bab9ca60-d53e-442c-a5df-b216c4a7cc0b | 
2023-07-19T03:02:00Z | 1.python/5.6/apartament.py | SyncInstruction(CSYNC_INSTRUCTION_NEW) | OCC::SyncFileItem::Up | | 1687749362 | 3d815eb50e38a70df3848561957cbf16 | 342 | 00468645ocq6a30y79n3 | OCC::SyncFileItem::Success |  | 201 | 0 | 0 | 21a5a069-5f88-4d90-a784-faa005d9d292 | 
2023-07-19T03:02:00Z | 1.python/5.6/function.py | SyncInstruction(CSYNC_INSTRUCTION_NEW) | OCC::SyncFileItem::Up | | 1687749362 | 7e3634b9e486e610db369648e3434396 | 166 | 00468646ocq6a30y79n3 | OCC::SyncFileItem::Success |  | 201 | 0 | 0 | fe7eedc9-31be-4953-8f8f-7f3f3f48a3c0 | 
2023-07-19T03:02:01Z | 1.python/5.6/post.py | SyncInstruction(CSYNC_INSTRUCTION_NEW) | OCC::SyncFileItem::Up | | 1687749362 | b8b24785af4a660f3385f3e32588ef3e | 407 | 00468650ocq6a30y79n3 | OCC::SyncFileItem::Success |  | 201 | 0 | 0 | e91479ff-81f1-43f8-bf41-20f19854f2c3 | 
2023-07-19T03:02:01Z | 1.python/5.6/numberprint.py | SyncInstruction(CSYNC_INSTRUCTION_NEW) | OCC::SyncFileItem::Up | | 1687749362 | 8b9ca9730b191511d46acd5bd4477d22 | 476 | 00468648ocq6a30y79n3 | OCC::SyncFileItem::Success |  | 201 | 0 | 0 | 4d0f35b0-8ec7-4443-b7e3-d85171b3b069 | 
2023-07-19T03:02:00Z | 1.python/5.6/experience_calc.py | SyncInstruction(CSYNC_INSTRUCTION_NEW) | OCC::SyncFileItem::Up | | 1687749362 | b1ecf3f872232fcf9a6fe337525c85cc | 316 | 00468649ocq6a30y79n3 | OCC::SyncFileItem::Success |  | 201 | 0 | 0 | a469010d-a14b-4ac6-a720-3445e0b23557 | 
2023-07-19T03:01:46Z | 1.python/5.6 | SyncInstruction(CSYNC_INSTRUCTION_NEW) | OCC::SyncFileItem::Up | | 1687749362 |  | 0 | 00468598ocq6a30y79n3 | OCC::SyncFileItem::Success |  | 201 | 0 | 0 | ba1b1885-3e35-4df6-96f6-3c038baea13b | 
2023-07-19T03:02:02Z | 1.python/13.0/13.3/13.3.2.py | SyncInstruction(CSYNC_INSTRUCTION_NEW) | OCC::SyncFileItem::Up | | 1687749362 | 2b16db262b670104ede5c9a783bfccf9 | 157 | 00468653ocq6a30y79n3 | OCC::SyncFileItem::Success |  | 201 | 0 | 0 | 2ef9e5f4-2644-46c1-9425-90eedfa8e62b | 
2023-07-19T03:02:02Z | 1.python/13.0/13.3/13.3.3.py | SyncInstruction(CSYNC_INSTRUCTION_NEW) | OCC::SyncFileItem::Up | | 1687749362 | 8e383e5341763535cfe88ada75e1d9bf | 337 | 00468654ocq6a30y79n3 | OCC::SyncFileItem::Success |  | 201 | 0 | 0 | a5eb4576-0db8-40f9-8be6-4ea1458670e1 | 
2023-07-19T03:02:01Z | 1.python/13.0/13.3/13.3.1.py | SyncInstruction(CSYNC_INSTRUCTION_NEW) | OCC::SyncFileItem::Up | | 1687749362 | 740b57295bc20b36422de8a9bc37e588 | 129 | 00468652ocq6a30y79n3 | OCC::SyncFileItem::Success |  | 201 | 0 | 0 | 5aa8f671-5cba-46b2-b19a-9764f932a1a2 | 
2023-07-19T03:01:59Z | 1.python/13.0/13.3 | SyncInstruction(CSYNC_INSTRUCTION_NEW) | OCC::SyncFileItem::Up | | 1687749362 |  | 0 | 00468643ocq6a30y79n3 | OCC::SyncFileItem::Success |  | 201 | 0 | 0 | 92993439-4e7a-45bb-8609-c9f203ec05a4 | 
2023-07-19T03:02:03Z | 1.python/13.0/13.4/13.4.1.py | SyncInstruction(CSYNC_INSTRUCTION_NEW) | OCC::SyncFileItem::Up | | 1687749362 | e4723ce71cb3346625ac796f603339b5 | 384 | 00468657ocq6a30y79n3 | OCC::SyncFileItem::Success |  | 201 | 0 | 0 | 829e4cea-6618-400b-a1f9-529800d7b292 | 
2023-07-19T03:02:03Z | 1.python/13.0/13.4/13.4.2.py | SyncInstruction(CSYNC_INSTRUCTION_NEW) | OCC::SyncFileItem::Up | | 1687749362 | ab3989ab51a7e6849777ada6c9b43f63 | 357 | 00468659ocq6a30y79n3 | OCC::SyncFileItem::Success |  | 201 | 0 | 0 | 925294ee-cd05-4856-8c14-20bcfa06700e | 
2023-07-19T03:02:00Z | 1.python/13.0/13.4 | SyncInstruction(CSYNC_INSTRUCTION_NEW) | OCC::SyncFileItem::Up | | 1687749362 |  | 0 | 00468647ocq6a30y79n3 | OCC::SyncFileItem::Success |  | 201 | 0 | 0 | c72ec37b-e3bb-4b27-bf66-3081f5183607 | 
2023-07-19T03:01:46Z | 1.python/13.0 | SyncInstruction(CSYNC_INSTRUCTION_NEW) | OCC::SyncFileItem::Up | | 1687749362 |  | 0 | 00468593ocq6a30y79n3 | OCC::SyncFileItem::Success |  | 201 | 0 | 0 | f687bf11-ef10-4b01-9ecd-cad31c24e2c7 | 
2023-07-19T03:02:03Z | 1.python/6.0/6.2/6.2.1.py | SyncInstruction(CSYNC_INSTRUCTION_NEW) | OCC::SyncFileItem::Up | | 1687749362 | d6e851f6f6339a7ce74799ea475c4261 | 186 | 00468658ocq6a30y79n3 | OCC::SyncFileItem::Success |  | 201 | 0 | 0 | 9a064e5a-b356-4a85-8e64-58dce4ea447f | 
2023-07-19T03:02:04Z | 1.python/6.0/6.2/6.2.2.py | SyncInstruction(CSYNC_INSTRUCTION_NEW) | OCC::SyncFileItem::Up | | 1687749362 | f2e1dd4aea577d74fbd0cfd54ec033f0 | 258 | 00468660ocq6a30y79n3 | OCC::SyncFileItem::Success |  | 201 | 0 | 0 | 6afd1638-b749-45e8-b77c-a53b5009bf5d | 
2023-07-19T03:02:04Z | 1.python/6.0/6.2/6.2.3.py | SyncInstruction(CSYNC_INSTRUCTION_NEW) | OCC::SyncFileItem::Up | | 1687749362 | 2be92a085e9b71e290f146a6fffcd33e | 353 | 00468662ocq6a30y79n3 | OCC::SyncFileItem::Success |  | 201 | 0 | 0 | 327ec3ad-b8ff-4bd1-a5d4-0b1b5500146d | 
2023-07-19T03:02:01Z | 1.python/6.0/6.2 | SyncInstruction(CSYNC_INSTRUCTION_NEW) | OCC::SyncFileItem::Up | | 1687749362 |  | 0 | 00468651ocq6a30y79n3 | OCC::SyncFileItem::Success |  | 201 | 0 | 0 | ac2982bd-7878-4424-b5a0-46ddd6ec26d4 | 
2023-07-19T03:02:05Z | 1.python/6.0/6.3/6.3.2.py | SyncInstruction(CSYNC_INSTRUCTION_NEW) | OCC::SyncFileItem::Up | | 1687749362 | a0c36f3c3947ea1e9a27cc42eb812e9a | 319 | 00468663ocq6a30y79n3 | OCC::SyncFileItem::Success |  | 201 | 0 | 0 | 9addf19f-b3da-4469-ae28-0a5655177981 | 
2023-07-19T03:02:05Z | 1.python/6.0/6.3/6.3.3.py | SyncInstruction(CSYNC_INSTRUCTION_NEW) | OCC::SyncFileItem::Up | | 1687749362 | eff2082120a584e7a2e6fbe2c5464910 | 457 | 00468665ocq6a30y79n3 | OCC::SyncFileItem::Success |  | 201 | 0 | 0 | 294afea2-2037-433f-bd2d-4d8ab9593ba5 | 
2023-07-19T03:02:04Z | 1.python/6.0/6.3/6.3.1.py | SyncInstruction(CSYNC_INSTRUCTION_NEW) | OCC::SyncFileItem::Up | | 1687749362 | 30b788a209514f7272037d0afb33fd9f | 204 | 00468664ocq6a30y79n3 | OCC::SyncFileItem::Success |  | 201 | 0 | 0 | 30c9d355-9171-4ac3-91b7-e6ca9037b69c | 
2023-07-19T03:02:03Z | 1.python/6.0/6.3 | SyncInstruction(CSYNC_INSTRUCTION_NEW) | OCC::SyncFileItem::Up | | 1687749362 |  | 0 | 00468655ocq6a30y79n3 | OCC::SyncFileItem::Success |  | 201 | 0 | 0 | 927934d1-84a8-4664-b6db-f972f86ea9f6 | 
2023-07-19T03:02:06Z | 1.python/6.0/6.4/6.4.2.py | SyncInstruction(CSYNC_INSTRUCTION_NEW) | OCC::SyncFileItem::Up | | 1687749362 | 6fcbf3508b991e422f93694d3865cd6c | 215 | 00468667ocq6a30y79n3 | OCC::SyncFileItem::Success |  | 201 | 0 | 0 | f93d4e5d-4bb8-4acd-9ae2-7033ef0b0c5c | 
2023-07-19T03:02:06Z | 1.python/6.0/6.5/6.5.1.py | SyncInstruction(CSYNC_INSTRUCTION_NEW) | OCC::SyncFileItem::Up | | 1687749362 | 491b5988ed57b77c9636e539fe0a3c0c | 115 | 00468669ocq6a30y79n3 | OCC::SyncFileItem::Success |  | 201 | 0 | 0 | 8d254d7a-f51f-48fe-9200-01fc53a17775 | 
2023-07-19T03:02:05Z | 1.python/6.0/6.4/6.4.1.py | SyncInstruction(CSYNC_INSTRUCTION_NEW) | OCC::SyncFileItem::Up | | 1687749362 | 2621b7f5c12764b21060c446f160ef6e | 148 | 00468666ocq6a30y79n3 | OCC::SyncFileItem::Success |  | 201 | 0 | 0 | 5e5302fd-9cad-4f57-b249-cc3073966e79 | 
2023-07-19T03:02:06Z | 1.python/6.0/6.5/6.5.2.py | SyncInstruction(CSYNC_INSTRUCTION_NEW) | OCC::SyncFileItem::Up | | 1687749362 | a875829959cade567e5a2f2051aa6fc7 | 187 | 00468670ocq6a30y79n3 | OCC::SyncFileItem::Success |  | 201 | 0 | 0 | 0cf336df-be82-4c80-898c-2842291c71e5 | 
2023-07-19T03:02:07Z | 1.python/6.0/6.5/6.5.3.py | SyncInstruction(CSYNC_INSTRUCTION_NEW) | OCC::SyncFileItem::Up | | 1687749362 | 3e89e01d5dfb4b93f25fe0f55c5b1711 | 246 | 00468672ocq6a30y79n3 | OCC::SyncFileItem::Success |  | 201 | 0 | 0 | e049bd7f-e7ea-4e6f-a317-9f2f6c782fea | 
2023-07-19T03:02:04Z | 1.python/6.0/6.5 | SyncInstruction(CSYNC_INSTRUCTION_NEW) | OCC::SyncFileItem::Up | | 1687749362 |  | 0 | 00468661ocq6a30y79n3 | OCC::SyncFileItem::Success |  | 201 | 0 | 0 | e1d3b799-dc97-47be-b148-35ed4bae557a | 
2023-07-19T03:02:06Z | 1.python/6.0/6.4/6.4.3.py | SyncInstruction(CSYNC_INSTRUCTION_NEW) | OCC::SyncFileItem::Up | | 1687749362 | 490538c5830a4ba599696072670a7444 | 337 | 00468668ocq6a30y79n3 | OCC::SyncFileItem::Success |  | 201 | 0 | 0 | 946cdf59-9730-4789-b144-501152d7fed9 | 
2023-07-19T03:02:03Z | 1.python/6.0/6.4 | SyncInstruction(CSYNC_INSTRUCTION_NEW) | OCC::SyncFileItem::Up | | 1687749362 |  | 0 | 00468656ocq6a30y79n3 | OCC::SyncFileItem::Success |  | 201 | 0 | 0 | d85de10f-e49f-4fb0-a4fa-9229dbe86faa | 
2023-07-19T03:01:46Z | 1.python/6.0 | SyncInstruction(CSYNC_INSTRUCTION_NEW) | OCC::SyncFileItem::Up | | 1687749362 |  | 0 | 00468597ocq6a30y79n3 | OCC::SyncFileItem::Success |  | 201 | 0 | 0 | 13a7e7df-0058-47d3-a2ce-86e6ebc43745 | 
2023-07-19T03:02:10Z | 1.python/7.0/7.3/7.3.1.py | SyncInstruction(CSYNC_INSTRUCTION_NEW) | OCC::SyncFileItem::Up | | 1687749362 | f3b81127a0a8c0005143b1f58c668f4b | 73 | 00468682ocq6a30y79n3 | OCC::SyncFileItem::Success |  | 201 | 0 | 0 | 72afa091-f674-4923-b8fd-c30af26c1907 | 
2023-07-19T03:02:11Z | 1.python/7.0/7.3/7.3.2.py | SyncInstruction(CSYNC_INSTRUCTION_NEW) | OCC::SyncFileItem::Up | | 1687749362 | 43424de0a910402166c160872a4b7b0e | 112 | 00468684ocq6a30y79n3 | OCC::SyncFileItem::Success |  | 201 | 0 | 0 | e1ef7fa1-fb09-442c-b8bc-90a165aa0882 | 
2023-07-19T03:02:11Z | 1.python/7.0/7.2/7.2.2.py | SyncInstruction(CSYNC_INSTRUCTION_NEW) | OCC::SyncFileItem::Up | | 1687749362 | d0a41a781ee078048b9af76e240d9ef0 | 86 | 00468686ocq6a30y79n3 | OCC::SyncFileItem::Success |  | 201 | 0 | 0 | 2f1e2706-b822-4219-8990-59f6095d09a1 | 
2023-07-19T03:02:11Z | 1.python/7.0/7.2/7.2.1.py | SyncInstruction(CSYNC_INSTRUCTION_NEW) | OCC::SyncFileItem::Up | | 1687749362 | 862b10baaf080bddd4eb43b7119db685 | 158 | 00468685ocq6a30y79n3 | OCC::SyncFileItem::Success |  | 201 | 0 | 0 | d9254bcc-8a46-4241-939f-97a8f6b7ded8 | 
2023-07-19T03:02:11Z | 1.python/8.0/8.2/8.2.1.py | SyncInstruction(CSYNC_INSTRUCTION_NEW) | OCC::SyncFileItem::Up | | 1687749362 | fae20e49aa3acfda4004d4b8325ac127 | 160 | 00468689ocq6a30y79n3 | OCC::SyncFileItem::Success |  | 201 | 0 | 0 | 3bf255c2-eb1e-4885-82c1-4a11ba0db981 | 
2023-07-19T03:02:11Z | 1.python/7.0/7.2/7.2.3.py | SyncInstruction(CSYNC_INSTRUCTION_NEW) | OCC::SyncFileItem::Up | | 1687749362 | 3f598c3e9d4753c4d15599db94b554b7 | 306 | 00468687ocq6a30y79n3 | OCC::SyncFileItem::Success |  | 201 | 0 | 0 | 50f1ca9d-ef9d-4f03-be98-bd21d5b530f3 | 
2023-07-19T03:02:09Z | 1.python/7.0/7.2 | SyncInstruction(CSYNC_INSTRUCTION_NEW) | OCC::SyncFileItem::Up | | 1687749362 |  | 0 | 00468678ocq6a30y79n3 | OCC::SyncFileItem::Success |  | 201 | 0 | 0 | a3e11af8-3598-46c0-8d08-9553e9a44779 | 
2023-07-19T03:02:11Z | 1.python/7.0/7.3/7.3.3.py | SyncInstruction(CSYNC_INSTRUCTION_NEW) | OCC::SyncFileItem::Up | | 1687749362 | 51a21f946a46c8089031266180be937e | 73 | 00468688ocq6a30y79n3 | OCC::SyncFileItem::Success |  | 201 | 0 | 0 | bb4feb3c-8867-4db5-b329-ecf3eff4dbf1 | 
2023-07-19T03:02:09Z | 1.python/7.0/7.3 | SyncInstruction(CSYNC_INSTRUCTION_NEW) | OCC::SyncFileItem::Up | | 1687749362 |  | 0 | 00468677ocq6a30y79n3 | OCC::SyncFileItem::Success |  | 201 | 0 | 0 | 0c5237f3-1f14-4b63-bc35-45b0b3d36006 | 
2023-07-19T03:02:07Z | 1.python/7.0 | SyncInstruction(CSYNC_INSTRUCTION_NEW) | OCC::SyncFileItem::Up | | 1687749362 |  | 0 | 00468671ocq6a30y79n3 | OCC::SyncFileItem::Success |  | 201 | 0 | 0 | 5316f6ea-a55d-46d3-be65-e950ec23c048 | 
2023-07-19T03:02:12Z | 1.python/8.0/8.2/8.2.2.py | SyncInstruction(CSYNC_INSTRUCTION_NEW) | OCC::SyncFileItem::Up | | 1687749362 | 8d278086e86ae6428aa8a318e92abaa6 | 321 | 00468690ocq6a30y79n3 | OCC::SyncFileItem::Success |  | 201 | 0 | 0 | 5bb422a8-45c5-457b-b50b-b8c6595c5e92 | 
2023-07-19T03:02:13Z | 1.python/8.0/8.3/8.3.2.py | SyncInstruction(CSYNC_INSTRUCTION_NEW) | OCC::SyncFileItem::Up | | 1687749362 | 5dcf371134af070e7a4a1588870d2560 | 206 | 00468692ocq6a30y79n3 | OCC::SyncFileItem::Success |  | 201 | 0 | 0 | 6c3892ee-8357-46c1-b463-4296854c8c38 | 
2023-07-19T03:02:12Z | 1.python/8.0/8.2/8.2.3.py | SyncInstruction(CSYNC_INSTRUCTION_NEW) | OCC::SyncFileItem::Up | | 1687749362 | 530acb6d89a8036f27360e21c4aeee44 | 140 | 00468691ocq6a30y79n3 | OCC::SyncFileItem::Success |  | 201 | 0 | 0 | 98f6ec97-c8f9-46f4-9948-b2b7ec9bd522 | 
2023-07-19T03:02:09Z | 1.python/8.0/8.2 | SyncInstruction(CSYNC_INSTRUCTION_NEW) | OCC::SyncFileItem::Up | | 1687749362 |  | 0 | 00468681ocq6a30y79n3 | OCC::SyncFileItem::Success |  | 201 | 0 | 0 | 26614ed8-5725-42ac-8fe4-96d82cbc3860 | 
2023-07-19T03:02:13Z | 1.python/9.0/9.2/9.2.1.py | SyncInstruction(CSYNC_INSTRUCTION_NEW) | OCC::SyncFileItem::Up | | 1687749362 | 0730fc7c1555cfc39f745e9b9f9a4859 | 356 | 00468694ocq6a30y79n3 | OCC::SyncFileItem::Success |  | 201 | 0 | 0 | feeadaa2-97d2-48a8-8d74-1183c9cf2d73 | 
2023-07-19T03:02:13Z | 1.python/9.0/9.2/9.2.2.py | SyncInstruction(CSYNC_INSTRUCTION_NEW) | OCC::SyncFileItem::Up | | 1687749362 | f4f8187aa8937cd9b48fc2b188aa0315 | 298 | 00468696ocq6a30y79n3 | OCC::SyncFileItem::Success |  | 201 | 0 | 0 | 084d4afe-f59c-4697-a274-3535f89e5fe0 | 
2023-07-19T03:02:13Z | 1.python/8.0/8.3/8.3.1.py | SyncInstruction(CSYNC_INSTRUCTION_NEW) | OCC::SyncFileItem::Up | | 1687749362 | cde9ea2f1abddd386fa64a828b2fc7b6 | 127 | 00468693ocq6a30y79n3 | OCC::SyncFileItem::Success |  | 201 | 0 | 0 | 08385197-2b12-449f-8a5f-4f005745400e | 
2023-07-19T03:02:13Z | 1.python/8.0/8.3/8.3.3.py | SyncInstruction(CSYNC_INSTRUCTION_NEW) | OCC::SyncFileItem::Up | | 1687749362 | 0759780c603e1d0a333c1960211f81a1 | 394 | 00468697ocq6a30y79n3 | OCC::SyncFileItem::Success |  | 201 | 0 | 0 | dfa51c62-c8b5-45a0-ac77-8d15170ce0c4 | 
2023-07-19T03:02:10Z | 1.python/8.0/8.3 | SyncInstruction(CSYNC_INSTRUCTION_NEW) | OCC::SyncFileItem::Up | | 1687749362 |  | 0 | 00468683ocq6a30y79n3 | OCC::SyncFileItem::Success |  | 201 | 0 | 0 | 2b301e16-11a6-45c1-a120-2abdc6e5eb84 | 
2023-07-19T03:02:15Z | 1.python/practic 10/task_1.py | SyncInstruction(CSYNC_INSTRUCTION_NEW) | OCC::SyncFileItem::Up | | 1687749362 | c2a450419c6400cf22230220679824a9 | 220 | 00468701ocq6a30y79n3 | OCC::SyncFileItem::Success |  | 201 | 0 | 0 | 90815abc-5d43-4821-8216-c34de5cf6c96 | 
2023-07-19T03:02:15Z | 1.python/9.0/9.2/9.2.3.py | SyncInstruction(CSYNC_INSTRUCTION_NEW) | OCC::SyncFileItem::Up | | 1687749362 | 3217a789456c9df6ea9a35df9b705388 | 201 | 00468700ocq6a30y79n3 | OCC::SyncFileItem::Success |  | 201 | 0 | 0 | 3b92b9d0-de26-40e7-aafe-c1ddf4e5e45f | 
2023-07-19T03:02:09Z | 1.python/9.0/9.2 | SyncInstruction(CSYNC_INSTRUCTION_NEW) | OCC::SyncFileItem::Up | | 1687749362 |  | 0 | 00468679ocq6a30y79n3 | OCC::SyncFileItem::Success |  | 201 | 0 | 0 | 51836b64-2439-4e77-9b37-bed9a0d088ee | 
2023-07-19T03:02:16Z | 1.python/8.0/8.4/8.4.2.py | SyncInstruction(CSYNC_INSTRUCTION_NEW) | OCC::SyncFileItem::Up | | 1687749362 | 6e6ca16b896ee051079dcbf80aebc1e9 | 717 | 00468704ocq6a30y79n3 | OCC::SyncFileItem::Success |  | 201 | 0 | 0 | 89376227-3467-4f0e-9f87-30dde6df7731 | 
2023-07-19T03:02:15Z | 1.python/8.0/8.4/8.4.1.py | SyncInstruction(CSYNC_INSTRUCTION_NEW) | OCC::SyncFileItem::Up | | 1687749362 | 992b2ad106c2bf8bd35596a524715071 | 128 | 00468703ocq6a30y79n3 | OCC::SyncFileItem::Success |  | 201 | 0 | 0 | 20ac33a5-5420-4579-81a2-5322abd1786c | 
2023-07-19T03:02:15Z | 1.python/practic 10/task_2.py | SyncInstruction(CSYNC_INSTRUCTION_NEW) | OCC::SyncFileItem::Up | | 1687749362 | feab5f15bb80e95d719365e3f1379a64 | 154 | 00468702ocq6a30y79n3 | OCC::SyncFileItem::Success |  | 201 | 0 | 0 | 41f32301-c668-4de6-b813-657fce94d3e8 | 
2023-07-19T03:02:16Z | 1.python/8.0/8.4/8.4.3.py | SyncInstruction(CSYNC_INSTRUCTION_NEW) | OCC::SyncFileItem::Up | | 1687749362 | c0dda925f052d9510e02cacca9c4d229 | 134 | 00468705ocq6a30y79n3 | OCC::SyncFileItem::Success |  | 201 | 0 | 0 | de29ee08-b2ee-44f9-929c-af42506a17ae | 
2023-07-19T03:02:13Z | 1.python/8.0/8.4 | SyncInstruction(CSYNC_INSTRUCTION_NEW) | OCC::SyncFileItem::Up | | 1687749362 |  | 0 | 00468695ocq6a30y79n3 | OCC::SyncFileItem::Success |  | 201 | 0 | 0 | 6aae1372-320e-484b-a3a4-37568dc21828 | 
2023-07-19T03:02:07Z | 1.python/8.0 | SyncInstruction(CSYNC_INSTRUCTION_NEW) | OCC::SyncFileItem::Up | | 1687749362 |  | 0 | 00468673ocq6a30y79n3 | OCC::SyncFileItem::Success |  | 201 | 0 | 0 | 8d9409b4-5c7e-4e72-aa0c-a80f81c76ae5 | 
2023-07-19T03:02:16Z | 1.python/9.0/9.3/9.3.2.py | SyncInstruction(CSYNC_INSTRUCTION_NEW) | OCC::SyncFileItem::Up | | 1687749362 | b54c5a6d432989b11b5c2f18dfddceff | 81 | 00468706ocq6a30y79n3 | OCC::SyncFileItem::Success |  | 201 | 0 | 0 | da231968-ce27-48cf-94f4-fbeb6bed5cdb | 
2023-07-19T03:02:16Z | 1.python/9.0/9.3/9.3.1.py | SyncInstruction(CSYNC_INSTRUCTION_NEW) | OCC::SyncFileItem::Up | | 1687749362 | 04d9753d15b0e8c375c2de608058f59c | 54 | 00468707ocq6a30y79n3 | OCC::SyncFileItem::Success |  | 201 | 0 | 0 | 10304ea6-dcca-4326-8780-a4f838448d4b | 
2023-07-19T03:02:17Z | 1.python/9.0/9.4/9.4.1.py | SyncInstruction(CSYNC_INSTRUCTION_NEW) | OCC::SyncFileItem::Up | | 1687749362 | bef0f1aa29866728b2888a83492a3710 | 139 | 00468708ocq6a30y79n3 | OCC::SyncFileItem::Success |  | 201 | 0 | 0 | 63499ace-506f-46de-80e9-d4f3c1fa1fc2 | 
2023-07-19T03:02:17Z | 1.python/9.0/9.4/9.4.2.py | SyncInstruction(CSYNC_INSTRUCTION_NEW) | OCC::SyncFileItem::Up | | 1687749362 | 242444d08f3013e0a49598f7151dad90 | 158 | 00468709ocq6a30y79n3 | OCC::SyncFileItem::Success |  | 201 | 0 | 0 | 57d03d85-02d2-4d46-a854-ae4e73bd6284 | 
2023-07-19T03:02:17Z | 1.python/9.0/9.4/9.4.3.py | SyncInstruction(CSYNC_INSTRUCTION_NEW) | OCC::SyncFileItem::Up | | 1687749362 | b58b3dc97b7fc4def7829ce5bda4d999 | 183 | 00468710ocq6a30y79n3 | OCC::SyncFileItem::Success |  | 201 | 0 | 0 | 88103236-041e-4fa3-9280-6c53be299d2e | 
2023-07-19T03:02:14Z | 1.python/9.0/9.4 | SyncInstruction(CSYNC_INSTRUCTION_NEW) | OCC::SyncFileItem::Up | | 1687749362 |  | 0 | 00468699ocq6a30y79n3 | OCC::SyncFileItem::Success |  | 201 | 0 | 0 | 9c05e12f-8994-4dbf-902f-3514f23929a2 | 
2023-07-19T03:02:18Z | 1.python/practic 10/task_3.py | SyncInstruction(CSYNC_INSTRUCTION_NEW) | OCC::SyncFileItem::Up | | 1687749362 | d74cce3a7183442500dda85acd50f822 | 809 | 00468711ocq6a30y79n3 | OCC::SyncFileItem::Success |  | 201 | 0 | 0 | 850bd244-bcd9-4885-aaf1-faad59a78ee7 | 
2023-07-19T03:02:18Z | 1.python/practic 10/task_4.py | SyncInstruction(CSYNC_INSTRUCTION_NEW) | OCC::SyncFileItem::Up | | 1687749362 | 1386702ce41867dd683c2d034540da68 | 624 | 00468712ocq6a30y79n3 | OCC::SyncFileItem::Success |  | 201 | 0 | 0 | 531e360f-8987-4a09-854e-3e37ab28f7b8 | 
2023-07-19T03:02:18Z | 1.python/practic 10/task_5.py | SyncInstruction(CSYNC_INSTRUCTION_NEW) | OCC::SyncFileItem::Up | | 1687749362 | 155dcd2fad627190cb47e823784d0682 | 560 | 00468714ocq6a30y79n3 | OCC::SyncFileItem::Success |  | 201 | 0 | 0 | b0f2af03-cc34-4756-b9ab-8c4c4984ea5a | 
2023-07-19T03:02:19Z | 1.python/practic 10/task_6.py | SyncInstruction(CSYNC_INSTRUCTION_NEW) | OCC::SyncFileItem::Up | | 1687749362 | 654e80d03b0a1c06d9505a94fedc7e14 | 515 | 00468716ocq6a30y79n3 | OCC::SyncFileItem::Success |  | 201 | 0 | 0 | 2fd7aea8-623a-490a-bf8b-2718a2baf8d1 | 
2023-07-19T03:02:17Z | 1.python/9.0/9.3/9.3.3.py | SyncInstruction(CSYNC_INSTRUCTION_NEW) | OCC::SyncFileItem::Up | | 1687749362 | 41ec78faf6434b3631d6c73711cf901e | 399 | 00468713ocq6a30y79n3 | OCC::SyncFileItem::Success |  | 201 | 0 | 0 | 4c011426-d42a-483d-b1ff-0db9d4df0639 | 
2023-07-19T03:02:14Z | 1.python/9.0/9.3 | SyncInstruction(CSYNC_INSTRUCTION_NEW) | OCC::SyncFileItem::Up | | 1687749362 |  | 0 | 00468698ocq6a30y79n3 | OCC::SyncFileItem::Success |  | 201 | 0 | 0 | b49203fb-94a3-4028-b19f-101743db85c4 | 
2023-07-19T03:02:07Z | 1.python/9.0 | SyncInstruction(CSYNC_INSTRUCTION_NEW) | OCC::SyncFileItem::Up | | 1687749362 |  | 0 | 00468674ocq6a30y79n3 | OCC::SyncFileItem::Success |  | 201 | 0 | 0 | 8c6be27f-7bb6-40e8-bc65-74f20fb4e581 | 
2023-07-19T03:02:19Z | 1.python/practic 10/task_7.py | SyncInstruction(CSYNC_INSTRUCTION_NEW) | OCC::SyncFileItem::Up | | 1687749362 | b7caf1f7460d2939e4374c45c50bea2c | 303 | 00468715ocq6a30y79n3 | OCC::SyncFileItem::Success |  | 201 | 0 | 0 | ee5b6305-c0d9-48c5-a22d-bd09125267b7 | 
2023-07-19T03:02:19Z | 1.python/practic 10/task_8.py | SyncInstruction(CSYNC_INSTRUCTION_NEW) | OCC::SyncFileItem::Up | | 1687749362 | 91925d00872d1fdc39b74aaaee8e7fbc | 300 | 00468717ocq6a30y79n3 | OCC::SyncFileItem::Success |  | 201 | 0 | 0 | fc84951a-f306-445d-b60c-9d614f0ada12 | 
2023-07-19T03:02:08Z | 1.python/practic 10 | SyncInstruction(CSYNC_INSTRUCTION_NEW) | OCC::SyncFileItem::Up | | 1687749362 |  | 4096 | 00468675ocq6a30y79n3 | OCC::SyncFileItem::Success |  | 201 | 0 | 0 | a1ac4fde-361e-407e-a858-76a437128a5c | 
2023-07-19T03:02:20Z | 1.python/practic 11/task_3.py | SyncInstruction(CSYNC_INSTRUCTION_NEW) | OCC::SyncFileItem::Up | | 1687749362 | d6115c5c4247625165081956db54561b | 1202 | 00468719ocq6a30y79n3 | OCC::SyncFileItem::Success |  | 201 | 0 | 0 | eb1e979a-82bc-47f4-a5b6-1456a69c45fa | 
2023-07-19T03:02:19Z | 1.python/practic 11/task_1.py | SyncInstruction(CSYNC_INSTRUCTION_NEW) | OCC::SyncFileItem::Up | | 1687749362 | 8a8a3cbae6e15d840832bd625d024630 | 242 | 00468718ocq6a30y79n3 | OCC::SyncFileItem::Success |  | 201 | 0 | 0 | 678b6469-5935-43ad-9427-4cfe9ce3bf54 | 
2023-07-19T03:02:20Z | 1.python/practic 11/task_2.py | SyncInstruction(CSYNC_INSTRUCTION_NEW) | OCC::SyncFileItem::Up | | 1687749362 | 247d9bcf675590430909f24001f6431c | 436 | 00468720ocq6a30y79n3 | OCC::SyncFileItem::Success |  | 201 | 0 | 0 | cd412388-123a-4470-b3c9-bf4478366c71 | 
2023-07-19T03:02:20Z | 1.python/practic 11/task_5.py | SyncInstruction(CSYNC_INSTRUCTION_NEW) | OCC::SyncFileItem::Up | | 1687749362 | 051f2f86d8fc859160cc07bd609efa2c | 389 | 00468722ocq6a30y79n3 | OCC::SyncFileItem::Success |  | 201 | 0 | 0 | 4aa67aa0-abdc-4135-b191-4db22d3a4dd4 | 
2023-07-19T03:02:21Z | 1.python/practic 11/task_6.py | SyncInstruction(CSYNC_INSTRUCTION_NEW) | OCC::SyncFileItem::Up | | 1687749362 | 3bb7e4c04d315b4ff3ac73d2652199a7 | 1171 | 00468723ocq6a30y79n3 | OCC::SyncFileItem::Success |  | 201 | 0 | 0 | 3e053461-dbfe-46e9-834c-332e61e50f3f | 
2023-07-19T03:02:21Z | 1.python/practic 11/task_7.py | SyncInstruction(CSYNC_INSTRUCTION_NEW) | OCC::SyncFileItem::Up | | 1687749362 | b6b6a9ab9da1c3f861827828d2c327c1 | 244 | 00468724ocq6a30y79n3 | OCC::SyncFileItem::Success |  | 201 | 0 | 0 | 2334fe8c-7c63-4c25-ac6b-c3835fbefad4 | 
2023-07-19T03:02:21Z | 1.python/practic 12/task_1.py | SyncInstruction(CSYNC_INSTRUCTION_NEW) | OCC::SyncFileItem::Up | | 1687749362 | a735da1809fb0aaa23c5e2f1deecf12b | 157 | 00468725ocq6a30y79n3 | OCC::SyncFileItem::Success |  | 201 | 0 | 0 | f66394e4-07f3-4f71-a407-a75cd1dbc1fb | 
2023-07-19T03:02:20Z | 1.python/practic 11/task_4.py | SyncInstruction(CSYNC_INSTRUCTION_NEW) | OCC::SyncFileItem::Up | | 1687749362 | 1c89d375cbef68e97fb81e11b0a23fe8 | 129 | 00468721ocq6a30y79n3 | OCC::SyncFileItem::Success |  | 201 | 0 | 0 | de611552-3fc5-4287-b6bf-71e5229d5cdf | 
2023-07-19T03:02:08Z | 1.python/practic 11 | SyncInstruction(CSYNC_INSTRUCTION_NEW) | OCC::SyncFileItem::Up | | 1687749362 |  | 4096 | 00468680ocq6a30y79n3 | OCC::SyncFileItem::Success |  | 201 | 0 | 0 | cca66e1c-5cb4-4082-84c0-362f9d7d16c5 | 
2023-07-19T03:02:22Z | 1.python/practic 12/task_3.py | SyncInstruction(CSYNC_INSTRUCTION_NEW) | OCC::SyncFileItem::Up | | 1687749362 | 07811d081bafb4b0e0a17bb0d264208c | 1194 | 00468726ocq6a30y79n3 | OCC::SyncFileItem::Success |  | 201 | 0 | 0 | f6d9ac7f-b93a-4d27-a950-4ef73fc70f03 | 
2023-07-19T03:02:22Z | 1.python/practic 12/task_4.py | SyncInstruction(CSYNC_INSTRUCTION_NEW) | OCC::SyncFileItem::Up | | 1687749362 | c17f4fd5b902f0a74309413d88bbd4c4 | 287 | 00468728ocq6a30y79n3 | OCC::SyncFileItem::Success |  | 201 | 0 | 0 | 69aee168-df32-4524-aac2-5ba1c8e1cfc7 | 
2023-07-19T03:02:22Z | 1.python/practic 12/task_2.py | SyncInstruction(CSYNC_INSTRUCTION_NEW) | OCC::SyncFileItem::Up | | 1687749362 | 891ee3a67955974612d46df18a52fd5c | 415 | 00468727ocq6a30y79n3 | OCC::SyncFileItem::Success |  | 201 | 0 | 0 | b8116d18-f0ca-4a58-a88d-dd08baebd05e | 
2023-07-19T03:02:22Z | 1.python/practic 12/task_5.py | SyncInstruction(CSYNC_INSTRUCTION_NEW) | OCC::SyncFileItem::Up | | 1687749362 | 63fee6078a6f025d848e7a09117417f1 | 592 | 00468729ocq6a30y79n3 | OCC::SyncFileItem::Success |  | 201 | 0 | 0 | cef3aa07-48a1-4506-a86c-2ba49c96d081 | 
2023-07-19T03:02:23Z | 1.python/practic 12/task_6.py | SyncInstruction(CSYNC_INSTRUCTION_NEW) | OCC::SyncFileItem::Up | | 1687749362 | efb48c30931f44a0a67a74ec71015b3b | 398 | 00468730ocq6a30y79n3 | OCC::SyncFileItem::Success |  | 201 | 0 | 0 | ad233c8b-19a6-4041-8325-fec7f2895125 | 
2023-07-19T03:02:23Z | 1.python/practic 12/task_7.py | SyncInstruction(CSYNC_INSTRUCTION_NEW) | OCC::SyncFileItem::Up | | 1687749362 | b801c634372084299db2a6a45c1aeff1 | 2094 | 00468732ocq6a30y79n3 | OCC::SyncFileItem::Success |  | 201 | 0 | 0 | a3e7d72c-9445-4184-a372-609b83b3c420 | 
2023-07-19T03:02:08Z | 1.python/practic 12 | SyncInstruction(CSYNC_INSTRUCTION_NEW) | OCC::SyncFileItem::Up | | 1687749362 |  | 4096 | 00468676ocq6a30y79n3 | OCC::SyncFileItem::Success |  | 201 | 0 | 0 | aff3d034-9b22-4887-ac6e-19a08f71f195 | 
2023-07-19T03:02:25Z | 1.python/practic 13/task_2.py | SyncInstruction(CSYNC_INSTRUCTION_NEW) | OCC::SyncFileItem::Up | | 1687749362 | 81839b226cf514ebbf629f7d5e081148 | 537 | 00468737ocq6a30y79n3 | OCC::SyncFileItem::Success |  | 201 | 0 | 0 | 21d0e992-2f07-4d43-a831-eb933f4055b8 | 
2023-07-19T03:02:25Z | 1.python/practic 13/task_1.py | SyncInstruction(CSYNC_INSTRUCTION_NEW) | OCC::SyncFileItem::Up | | 1687749362 | ddca06f8e6ec91541a019d2080c1d119 | 325 | 00468738ocq6a30y79n3 | OCC::SyncFileItem::Success |  | 201 | 0 | 0 | 857dcbd1-2979-4ef8-9e81-a047414c3293 | 
2023-07-19T03:02:25Z | 1.python/practic 13/task_3.py | SyncInstruction(CSYNC_INSTRUCTION_NEW) | OCC::SyncFileItem::Up | | 1687749362 | c033bfedc9f85cabbbb7d89c62d799fd | 2155 | 00468739ocq6a30y79n3 | OCC::SyncFileItem::Success |  | 201 | 0 | 0 | 06645cb9-2fdc-491b-9ada-053e4fd0edd3 | 
2023-07-19T03:02:25Z | 1.python/coin.py | SyncInstruction(CSYNC_INSTRUCTION_NEW) | OCC::SyncFileItem::Up | | 1687749362 | 15fc6795773aad241e77f552a78267ea | 460 | 00468740ocq6a30y79n3 | OCC::SyncFileItem::Success |  | 201 | 0 | 0 | 1d37c682-3f5a-4db0-ae71-2d48890e5b1c | 
2023-07-19T03:02:26Z | 1.python/practic 13/task_6.py | SyncInstruction(CSYNC_INSTRUCTION_NEW) | OCC::SyncFileItem::Up | | 1687749362 | f53e42c483d577b5f78fe30aea31c7c2 | 1551 | 00468742ocq6a30y79n3 | OCC::SyncFileItem::Success |  | 201 | 0 | 0 | a7888e1b-ce15-4fc6-b3de-4bab33124cd7 | 
2023-07-19T03:02:25Z | 1.python/practic 13/task_4.py | SyncInstruction(CSYNC_INSTRUCTION_NEW) | OCC::SyncFileItem::Up | | 1687749362 | f22abacea0b421cb218b85580d8065f0 | 1466 | 00468741ocq6a30y79n3 | OCC::SyncFileItem::Success |  | 201 | 0 | 0 | 85e62b5b-1b61-47aa-baaf-5c0e46eb46ab | 
2023-07-19T03:02:27Z | 1.python/practic 6/task_3.py | SyncInstruction(CSYNC_INSTRUCTION_NEW) | OCC::SyncFileItem::Up | | 1687749362 | f87949e0ad968fce489edf872a853287 | 186 | 00468745ocq6a30y79n3 | OCC::SyncFileItem::Success |  | 201 | 0 | 0 | ef55fbd0-b4ac-4315-baf9-05dc1fe57dce | 
2023-07-19T03:02:26Z | 1.python/practic 6/task_2.py | SyncInstruction(CSYNC_INSTRUCTION_NEW) | OCC::SyncFileItem::Up | | 1687749362 | 6f48dd6ce6a4d94eeb11d429f3933a18 | 689 | 00468743ocq6a30y79n3 | OCC::SyncFileItem::Success |  | 201 | 0 | 0 | 7f384974-6e15-410b-a422-5e7e20348838 | 
2023-07-19T03:02:26Z | 1.python/practic 13/task_5.py | SyncInstruction(CSYNC_INSTRUCTION_NEW) | OCC::SyncFileItem::Up | | 1687749362 | ec7c456b3a2aae4fb8218881ebaf5994 | 391 | 00468744ocq6a30y79n3 | OCC::SyncFileItem::Success |  | 201 | 0 | 0 | 5888f048-d7a5-4f80-ba56-e4385b26c3a8 | 
2023-07-19T03:02:23Z | 1.python/practic 13 | SyncInstruction(CSYNC_INSTRUCTION_NEW) | OCC::SyncFileItem::Up | | 1687749362 |  | 0 | 00468731ocq6a30y79n3 | OCC::SyncFileItem::Success |  | 201 | 0 | 0 | c6c6f66c-610d-4c8a-a854-3b118931b28e | 
2023-07-19T03:02:26Z | 1.python/practic 6/task_1.py | SyncInstruction(CSYNC_INSTRUCTION_NEW) | OCC::SyncFileItem::Up | | 1687749362 | 7e2d013a362a14f2c373cfff3cefbd3d | 141 | 00468746ocq6a30y79n3 | OCC::SyncFileItem::Success |  | 201 | 0 | 0 | 299f6724-e08a-46fa-840a-cce4f48cf4a4 | 
2023-07-19T03:02:27Z | 1.python/practic 6/task_5.py | SyncInstruction(CSYNC_INSTRUCTION_NEW) | OCC::SyncFileItem::Up | | 1687749362 | 0ca296f07d95467f0435c2c0b3de12f3 | 645 | 00468747ocq6a30y79n3 | OCC::SyncFileItem::Success |  | 201 | 0 | 0 | f2983993-f6f4-42db-bd0f-9a5aa197d9ba | 
2023-07-19T03:02:27Z | 1.python/practic 6/task_4.py | SyncInstruction(CSYNC_INSTRUCTION_NEW) | OCC::SyncFileItem::Up | | 1687749362 | 4847eaa64dac29df2c725703bc02ad87 | 458 | 00468749ocq6a30y79n3 | OCC::SyncFileItem::Success |  | 201 | 0 | 0 | 286f8abd-e9ae-4ee6-b7e8-0809e1ff1e9e | 
2023-07-19T03:02:28Z | 1.python/practic 6/task_8.py | SyncInstruction(CSYNC_INSTRUCTION_NEW) | OCC::SyncFileItem::Up | | 1687749362 | 75e659307cf9b9e6c017caddae216f58 | 823 | 00468751ocq6a30y79n3 | OCC::SyncFileItem::Success |  | 201 | 0 | 0 | 7032e771-746a-4226-85b4-db1d18de036a | 
2023-07-19T03:02:28Z | 1.python/practic 7/task_2.py | SyncInstruction(CSYNC_INSTRUCTION_NEW) | OCC::SyncFileItem::Up | | 1687749362 | 2cf06cdff65cae44403de16fe22cb4e5 | 296 | 00468752ocq6a30y79n3 | OCC::SyncFileItem::Success |  | 201 | 0 | 0 | 03ed1647-cab8-49a0-8213-a41d05362e5c | 
2023-07-19T03:02:28Z | 1.python/practic 6/task_7.py | SyncInstruction(CSYNC_INSTRUCTION_NEW) | OCC::SyncFileItem::Up | | 1687749362 | 53de68606c050479623a0e4d23a4beaf | 647 | 00468750ocq6a30y79n3 | OCC::SyncFileItem::Success |  | 201 | 0 | 0 | 979627c8-56b9-488c-968c-2c68b5d22275 | 
2023-07-19T03:02:28Z | 1.python/practic 6/task_6.py | SyncInstruction(CSYNC_INSTRUCTION_NEW) | OCC::SyncFileItem::Up | | 1687749362 | 7f5e7ba2a588591a7da41f61c60ec95e | 751 | 00468748ocq6a30y79n3 | OCC::SyncFileItem::Success |  | 201 | 0 | 0 | d02752fa-0595-4154-adcd-a7b016c82251 | 
2023-07-19T03:02:23Z | 1.python/practic 6 | SyncInstruction(CSYNC_INSTRUCTION_NEW) | OCC::SyncFileItem::Up | | 1687749362 |  | 4096 | 00468734ocq6a30y79n3 | OCC::SyncFileItem::Success |  | 201 | 0 | 0 | afea7a9d-4683-4c28-88d3-645d2a845885 | 
2023-07-19T03:02:29Z | 1.python/practic 7/task_4.py | SyncInstruction(CSYNC_INSTRUCTION_NEW) | OCC::SyncFileItem::Up | | 1687749362 | 620f2caa28d481b21a7ed70b6b6de7fc | 1221 | 00468755ocq6a30y79n3 | OCC::SyncFileItem::Success |  | 201 | 0 | 0 | e71da9ed-e1c5-4406-ae37-adcff0ae581d | 
2023-07-19T03:02:28Z | 1.python/practic 7/task_1.py | SyncInstruction(CSYNC_INSTRUCTION_NEW) | OCC::SyncFileItem::Up | | 1687749362 | 02d8866e0eb799764fbffb858bfebc78 | 261 | 00468753ocq6a30y79n3 | OCC::SyncFileItem::Success |  | 201 | 0 | 0 | 7d6f4c33-7c54-4695-961a-7a108847a7a5 | 
2023-07-19T03:02:29Z | 1.python/practic 7/task_3.py | SyncInstruction(CSYNC_INSTRUCTION_NEW) | OCC::SyncFileItem::Up | | 1687749362 | cc5ea353edc38b89359f31aaa75910af | 145 | 00468754ocq6a30y79n3 | OCC::SyncFileItem::Success |  | 201 | 0 | 0 | 700ce9ec-0e2c-4ee3-8536-630c52a47c71 | 
2023-07-19T03:02:30Z | 1.python/practic 7/task_5.py | SyncInstruction(CSYNC_INSTRUCTION_NEW) | OCC::SyncFileItem::Up | | 1687749362 | e46b42fc9f13fceb11968a3ee9add360 | 252 | 00468756ocq6a30y79n3 | OCC::SyncFileItem::Success |  | 201 | 0 | 0 | 99e6d5bf-3655-4178-b2ea-6c3101b0ae87 | 
2023-07-19T03:02:30Z | 1.python/practic 7/task_6.py | SyncInstruction(CSYNC_INSTRUCTION_NEW) | OCC::SyncFileItem::Up | | 1687749362 | 87bf1d58f96c4b012ba8de79c5db3702 | 94 | 00468757ocq6a30y79n3 | OCC::SyncFileItem::Success |  | 201 | 0 | 0 | 7736f849-7c18-4ae5-b901-2521967ff247 | 
2023-07-19T03:02:30Z | 1.python/practic 7/task_7.py | SyncInstruction(CSYNC_INSTRUCTION_NEW) | OCC::SyncFileItem::Up | | 1687749362 | 6483c5c9ce19b8652755db3e6f3a12a5 | 512 | 00468758ocq6a30y79n3 | OCC::SyncFileItem::Success |  | 201 | 0 | 0 | 70302eb9-9146-4ec1-bd94-c347985998b9 | 
2023-07-19T03:02:23Z | 1.python/practic 7 | SyncInstruction(CSYNC_INSTRUCTION_NEW) | OCC::SyncFileItem::Up | | 1687749362 |  | 4096 | 00468733ocq6a30y79n3 | OCC::SyncFileItem::Success |  | 201 | 0 | 0 | d50a9df0-331b-4929-a663-9adef09d3a40 | 
2023-07-19T03:02:31Z | 1.python/practic 8/task_2.py | SyncInstruction(CSYNC_INSTRUCTION_NEW) | OCC::SyncFileItem::Up | | 1687749362 | e6d61e3deef482d162e15a7d441e358e | 350 | 00468759ocq6a30y79n3 | OCC::SyncFileItem::Success |  | 201 | 0 | 0 | 60a27439-a078-4798-9556-0a0656f16812 | 
2023-07-19T03:02:31Z | 1.python/practic 8/task_5.py | SyncInstruction(CSYNC_INSTRUCTION_NEW) | OCC::SyncFileItem::Up | | 1687749362 | daeb6a1c7825bc94a75f6bd7472537e8 | 766 | 00468761ocq6a30y79n3 | OCC::SyncFileItem::Success |  | 201 | 0 | 0 | 38589c05-ab8f-4956-b594-ca9b49ccc6c1 | 
2023-07-19T03:02:31Z | 1.python/practic 8/task_4.py | SyncInstruction(CSYNC_INSTRUCTION_NEW) | OCC::SyncFileItem::Up | | 1687749362 | 08fad137d38cfa2c137ab84656448039 | 473 | 00468762ocq6a30y79n3 | OCC::SyncFileItem::Success |  | 201 | 0 | 0 | f16ee77e-f3be-4692-8de5-576fbb3ac24a | 
2023-07-19T03:02:31Z | 1.python/practic 8/task_1.py | SyncInstruction(CSYNC_INSTRUCTION_NEW) | OCC::SyncFileItem::Up | | 1687749362 | a36ff30080a38c991826783a5702a413 | 346 | 00468760ocq6a30y79n3 | OCC::SyncFileItem::Success |  | 201 | 0 | 0 | fa89ab02-f8dd-4374-a3a9-bbc9cd3d7b11 | 
2023-07-19T03:02:31Z | 1.python/practic 8/task_6.py | SyncInstruction(CSYNC_INSTRUCTION_NEW) | OCC::SyncFileItem::Up | | 1687749362 | b7a25c920e695cbd0651a85fb9d05e09 | 549 | 00468763ocq6a30y79n3 | OCC::SyncFileItem::Success |  | 201 | 0 | 0 | c248c6dd-f53c-476c-a4e7-fe57aa0b68b9 | 
2023-07-19T03:02:32Z | 1.python/practic 8/task_7.py | SyncInstruction(CSYNC_INSTRUCTION_NEW) | OCC::SyncFileItem::Up | | 1687749362 | 473dd5d428e65c356f48a6b3d46f8d3f | 151 | 00468764ocq6a30y79n3 | OCC::SyncFileItem::Success |  | 201 | 0 | 0 | 1a85fb9a-5d35-4a80-ad46-6f5fec20d5d2 | 
2023-07-19T03:02:32Z | 1.python/practic 9/task_1.py | SyncInstruction(CSYNC_INSTRUCTION_NEW) | OCC::SyncFileItem::Up | | 1687749362 | c9ecfc4fc4e22f077c4494ed0c9acae9 | 216 | 00468766ocq6a30y79n3 | OCC::SyncFileItem::Success |  | 201 | 0 | 0 | 110b27eb-b65d-4dee-8d1f-0e4fec20e68b | 
2023-07-19T03:02:33Z | 1.python/practic 9/task_3.py | SyncInstruction(CSYNC_INSTRUCTION_NEW) | OCC::SyncFileItem::Up | | 1687749362 | a9a5744f7d1269dd62f72bdca5fed315 | 498 | 00468768ocq6a30y79n3 | OCC::SyncFileItem::Success |  | 201 | 0 | 0 | 25209cee-34e6-472f-b576-390a1f1b641c | 
2023-07-19T03:02:32Z | 1.python/practic 8/task_8.py | SyncInstruction(CSYNC_INSTRUCTION_NEW) | OCC::SyncFileItem::Up | | 1687749362 | 7117c66c84aecd162f8a0959894a4b29 | 545 | 00468765ocq6a30y79n3 | OCC::SyncFileItem::Success |  | 201 | 0 | 0 | b6242c31-473f-434a-a715-65fd8759e2a6 | 
2023-07-19T03:02:33Z | 1.python/practic 9/task_2.py | SyncInstruction(CSYNC_INSTRUCTION_NEW) | OCC::SyncFileItem::Up | | 1687749362 | d3888c79e1e94031620d4b0b3b62809f | 184 | 00468769ocq6a30y79n3 | OCC::SyncFileItem::Success |  | 201 | 0 | 0 | ee7b21bf-6c35-4cee-b109-9cfbda7e2392 | 
2023-07-19T03:02:31Z | 1.python/practic 8/task_3.py | SyncInstruction(CSYNC_INSTRUCTION_NEW) | OCC::SyncFileItem::Up | | 1687749362 | b926d5325d41530849b47b108ab6be36 | 495 | 00468767ocq6a30y79n3 | OCC::SyncFileItem::Success |  | 201 | 0 | 0 | 84596940-8208-4d14-b3f5-56329fa2eed3 | 
2023-07-19T03:02:24Z | 1.python/practic 8 | SyncInstruction(CSYNC_INSTRUCTION_NEW) | OCC::SyncFileItem::Up | | 1687749362 |  | 4096 | 00468735ocq6a30y79n3 | OCC::SyncFileItem::Success |  | 201 | 0 | 0 | 4d044683-ffac-4192-a460-2a390ec788e4 | 
2023-07-19T03:02:33Z | 1.python/practic 9/task_4.py | SyncInstruction(CSYNC_INSTRUCTION_NEW) | OCC::SyncFileItem::Up | | 1687749362 | 2c98f9380a3d95a6b5dd6d5379550e20 | 1416 | 00468770ocq6a30y79n3 | OCC::SyncFileItem::Success |  | 201 | 0 | 0 | f9a23899-fa88-4757-b882-58a295327e20 | 
2023-07-19T03:02:33Z | 1.python/practic 9/task_5.py | SyncInstruction(CSYNC_INSTRUCTION_NEW) | OCC::SyncFileItem::Up | | 1687749362 | 16031b9193d7c62219b84de916def37c | 956 | 00468771ocq6a30y79n3 | OCC::SyncFileItem::Success |  | 201 | 0 | 0 | 56c8879e-ec39-485d-ae45-9a502a8dddf2 | 
2023-07-19T03:02:34Z | 1.python/practic 9/task_7.py | SyncInstruction(CSYNC_INSTRUCTION_NEW) | OCC::SyncFileItem::Up | | 1687749362 | 7a5c68ccc5a0a547ef17593111da5f7a | 921 | 00468773ocq6a30y79n3 | OCC::SyncFileItem::Success |  | 201 | 0 | 0 | d9ae102c-24cf-4e36-92ef-40362e1c989f | 
2023-07-19T03:02:34Z | 1.python/practic 9/task_6.py | SyncInstruction(CSYNC_INSTRUCTION_NEW) | OCC::SyncFileItem::Up | | 1687749362 | 554f380328da422c79735a81c92ca3be | 414 | 00468772ocq6a30y79n3 | OCC::SyncFileItem::Success |  | 201 | 0 | 0 | dca54ec2-a6a5-4e6c-a4ef-e7d566b9d225 | 
2023-07-19T03:02:24Z | 1.python/practic 9 | SyncInstruction(CSYNC_INSTRUCTION_NEW) | OCC::SyncFileItem::Up | | 1687749362 |  | 4096 | 00468736ocq6a30y79n3 | OCC::SyncFileItem::Success |  | 201 | 0 | 0 | 60cd82a8-db3b-49d3-98b8-26e29efcf403 | 
2023-07-19T03:02:34Z | 1.python/elif.py | SyncInstruction(CSYNC_INSTRUCTION_NEW) | OCC::SyncFileItem::Up | | 1687749362 | 40690560dd58eb149dccfc7433c3c056 | 196 | 00468774ocq6a30y79n3 | OCC::SyncFileItem::Success |  | 201 | 0 | 0 | cb01da5c-1f30-445b-9811-05a0c2884604 | 
2023-07-19T03:02:35Z | 1.python/profit.py | SyncInstruction(CSYNC_INSTRUCTION_NEW) | OCC::SyncFileItem::Up | | 1687749362 | cdbeba530c98d3fc5e99cedd118fa6ad | 571 | 00468775ocq6a30y79n3 | OCC::SyncFileItem::Success |  | 201 | 0 | 0 | e444097f-27a9-4ccf-b037-4ee130167f2d | 
2023-07-19T03:02:35Z | 1.python/test.py | SyncInstruction(CSYNC_INSTRUCTION_NEW) | OCC::SyncFileItem::Up | | 1687749362 | 2f06a27d705be3311b103ca67744d731 | 263 | 00468777ocq6a30y79n3 | OCC::SyncFileItem::Success |  | 201 | 0 | 0 | 9b4727eb-455c-4793-976a-8110dead61f3 | 
2023-07-19T03:02:34Z | 1.python/myfile.txt | SyncInstruction(CSYNC_INSTRUCTION_NEW) | OCC::SyncFileItem::Up | | 1687749362 | 4fde4837f121b91a748d38b521e7e6d7 | 0 | 00468776ocq6a30y79n3 | OCC::SyncFileItem::Success |  | 201 | 0 | 0 | 533c8b52-a8a9-4cf1-b155-942530fc91b6 | 
2023-07-19T03:01:45Z | 1.python | SyncInstruction(CSYNC_INSTRUCTION_NEW) | OCC::SyncFileItem::Up | | 1687749362 |  | 4096 | 00468590ocq6a30y79n3 | OCC::SyncFileItem::Success |  | 201 | 0 | 0 | 987e6199-ac97-4422-a02d-c02060a70f6f | 
2023-07-19T03:02:37Z | 2.Linux/14_practic/14.1.png | SyncInstruction(CSYNC_INSTRUCTION_NEW) | OCC::SyncFileItem::Up | | 1689304794 | 4b25904b65c2fd6eba1a1c44b32a42a4 | 22441 | 00468784ocq6a30y79n3 | OCC::SyncFileItem::Success |  | 201 | 0 | 0 | 8c8897d9-f571-4a30-8ec7-a1c39f2f052e | 
2023-07-19T03:02:37Z | 2.Linux/10_practic/10.1.png | SyncInstruction(CSYNC_INSTRUCTION_NEW) | OCC::SyncFileItem::Up | | 1688963376 | cfc241776c3eeebba1f1b95866daf0f2 | 48717 | 00468786ocq6a30y79n3 | OCC::SyncFileItem::Success |  | 201 | 0 | 0 | 89ae8fa1-5c5a-47fa-8eda-3fc86ce752aa | 
2023-07-19T03:02:37Z | 2.Linux/11_practic/11.1.1.png | SyncInstruction(CSYNC_INSTRUCTION_NEW) | OCC::SyncFileItem::Up | | 1689064774 | b85bbac79ea859a475d58915774c9abe | 20172 | 00468785ocq6a30y79n3 | OCC::SyncFileItem::Success |  | 201 | 0 | 0 | 53fdfdbf-82f6-4f27-b345-803d08c1314a | 
2023-07-19T03:02:38Z | 2.Linux/10_practic/10.2.1.png | SyncInstruction(CSYNC_INSTRUCTION_NEW) | OCC::SyncFileItem::Up | | 1688964147 | 93cb892a7531d75b18f78d4e29e4f3e4 | 3622 | 00468787ocq6a30y79n3 | OCC::SyncFileItem::Success |  | 201 | 0 | 0 | e9151f4b-4bd5-44e3-be2a-0bd4b74e5109 | 
2023-07-19T03:02:38Z | 2.Linux/10_practic/10.2.2.png | SyncInstruction(CSYNC_INSTRUCTION_NEW) | OCC::SyncFileItem::Up | | 1688964217 | 118daed07c6bb8af02516088f5ddfa91 | 9240 | 00468788ocq6a30y79n3 | OCC::SyncFileItem::Success |  | 201 | 0 | 0 | e4bd0f89-7b85-48f9-8783-55b2445308bd | 
2023-07-19T03:02:38Z | 2.Linux/10_practic/10.3.1.png | SyncInstruction(CSYNC_INSTRUCTION_NEW) | OCC::SyncFileItem::Up | | 1688964603 | f44c27b6c38f497f49afd70754193e21 | 4280 | 00468790ocq6a30y79n3 | OCC::SyncFileItem::Success |  | 201 | 0 | 0 | 1d631637-75bf-4e18-b6d6-418a95dd7d7c | 
2023-07-19T03:02:39Z | 2.Linux/10_practic/10.3.3.png | SyncInstruction(CSYNC_INSTRUCTION_NEW) | OCC::SyncFileItem::Up | | 1688964671 | 9427f334aadefa981e391a4f26b6b94e | 4082 | 00468789ocq6a30y79n3 | OCC::SyncFileItem::Success |  | 201 | 0 | 0 | 7a143716-05fb-4609-a2f9-11b2485b3a86 | 
2023-07-19T03:02:39Z | 2.Linux/10_practic/10.3.2.txt | SyncInstruction(CSYNC_INSTRUCTION_NEW) | OCC::SyncFileItem::Up | | 1688965753 | 8594203d0287c4bc4eb6eb67c5fe9ed7 | 323 | 00468791ocq6a30y79n3 | OCC::SyncFileItem::Success |  | 201 | 0 | 0 | c4f63685-4c38-4f74-bfab-bb0be1e37d23 | 
2023-07-19T03:02:35Z | 2.Linux/10_practic | SyncInstruction(CSYNC_INSTRUCTION_NEW) | OCC::SyncFileItem::Up | | 1688965268 |  | 0 | 00468779ocq6a30y79n3 | OCC::SyncFileItem::Success |  | 201 | 0 | 0 | bb363c41-bca9-4988-a68f-812cb2230db6 | 
2023-07-19T03:02:39Z | 2.Linux/11_practic/11.1.2.png | SyncInstruction(CSYNC_INSTRUCTION_NEW) | OCC::SyncFileItem::Up | | 1689064970 | b03956fafcbd5848e6a3a29e9c268d4a | 41051 | 00468792ocq6a30y79n3 | OCC::SyncFileItem::Success |  | 201 | 0 | 0 | f325d556-8cc7-4c9d-ab69-e9e48169058b | 
2023-07-19T03:02:39Z | 2.Linux/11_practic/clear-trash.timer | SyncInstruction(CSYNC_INSTRUCTION_NEW) | OCC::SyncFileItem::Up | | 1689064687 | ac4b4633eb534de68df4d34a459ce083 | 156 | 00468793ocq6a30y79n3 | OCC::SyncFileItem::Success |  | 201 | 0 | 0 | 31704590-9841-46a0-93ea-29761e6505aa | 
2023-07-19T03:02:39Z | 2.Linux/11_practic/clear-trash.service | SyncInstruction(CSYNC_INSTRUCTION_NEW) | OCC::SyncFileItem::Up | | 1689064687 | 2ab0010d5443dbc594f028d03b1944ef | 217 | 00468795ocq6a30y79n3 | OCC::SyncFileItem::Success |  | 201 | 0 | 0 | 92d07cb1-a94f-493d-9b97-c3c339f7e380 | 
2023-07-19T03:02:40Z | 2.Linux/12_practic/12.1.png | SyncInstruction(CSYNC_INSTRUCTION_NEW) | OCC::SyncFileItem::Up | | 1689134762 | d6d844ff0a76ddda62999de6a2742752 | 39057 | 00468796ocq6a30y79n3 | OCC::SyncFileItem::Success |  | 201 | 0 | 0 | eccad47f-3355-4108-b628-83d64e41469b | 
2023-07-19T03:02:40Z | 2.Linux/11_practic/copysym.sh | SyncInstruction(CSYNC_INSTRUCTION_NEW) | OCC::SyncFileItem::Up | | 1689072794 | b1dd1ea4b21a6b0eb996feee33b8810a | 534 | 00468794ocq6a30y79n3 | OCC::SyncFileItem::Success |  | 201 | 0 | 0 | e9c19470-aebf-4607-87b1-cda555f1f6e1 | 
2023-07-19T03:02:40Z | 2.Linux/11_practic/delete.sh | SyncInstruction(CSYNC_INSTRUCTION_NEW) | OCC::SyncFileItem::Up | | 1689072794 | c981a221e1f9a891a19a9fbc59b08a3f | 779 | 00468797ocq6a30y79n3 | OCC::SyncFileItem::Success |  | 201 | 0 | 0 | 56618fd7-6985-4feb-adde-f0216030d8d5 | 
2023-07-19T03:02:36Z | 2.Linux/11_practic | SyncInstruction(CSYNC_INSTRUCTION_NEW) | OCC::SyncFileItem::Up | | 1689072794 |  | 4096 | 00468778ocq6a30y79n3 | OCC::SyncFileItem::Success |  | 201 | 0 | 0 | bd72863e-ba4d-4b03-b045-2765d27065f6 | 
2023-07-19T03:02:40Z | 2.Linux/12_practic/12.2.png | SyncInstruction(CSYNC_INSTRUCTION_NEW) | OCC::SyncFileItem::Up | | 1689135173 | 79423290e7661256cae97ae4c2b8e712 | 12234 | 00468798ocq6a30y79n3 | OCC::SyncFileItem::Success |  | 201 | 0 | 0 | 497000c0-86e9-4b8f-8ee8-730abbbdad2e | 
2023-07-19T03:02:41Z | 2.Linux/12_practic/12.3.1.png | SyncInstruction(CSYNC_INSTRUCTION_NEW) | OCC::SyncFileItem::Up | | 1689136107 | 4e6153f8564c1cb0cc6035ae3ef01c27 | 23603 | 00468799ocq6a30y79n3 | OCC::SyncFileItem::Success |  | 201 | 0 | 0 | 1a12ff76-0517-4621-ae2d-b1e9b7328813 | 
2023-07-19T03:02:41Z | 2.Linux/12_practic/12.4.png | SyncInstruction(CSYNC_INSTRUCTION_NEW) | OCC::SyncFileItem::Up | | 1689137781 | 2930f40be9e0899f0a2d6c74ee104d8b | 23151 | 00468800ocq6a30y79n3 | OCC::SyncFileItem::Success |  | 201 | 0 | 0 | d2183568-a9e6-4964-8e57-b9e3716e0b4c | 
2023-07-19T03:02:42Z | 2.Linux/13_practic/13.2.2.png | SyncInstruction(CSYNC_INSTRUCTION_NEW) | OCC::SyncFileItem::Up | | 1689239264 | 490d796b0f5e356662c142d2bc672e35 | 20720 | 00468803ocq6a30y79n3 | OCC::SyncFileItem::Success |  | 201 | 0 | 0 | f8724720-561c-4236-95b1-0b82429532a6 | 
2023-07-19T03:02:42Z | 2.Linux/13_practic/13.1.png | SyncInstruction(CSYNC_INSTRUCTION_NEW) | OCC::SyncFileItem::Up | | 1689239036 | 17301130d3cca9dfb500d253925e9272 | 12699 | 00468801ocq6a30y79n3 | OCC::SyncFileItem::Success |  | 201 | 0 | 0 | 42cb36d8-9d7c-4479-83b1-01f277f113a4 | 
2023-07-19T03:02:42Z | 2.Linux/13_practic/13.2.3.png | SyncInstruction(CSYNC_INSTRUCTION_NEW) | OCC::SyncFileItem::Up | | 1689239424 | e8f15169b6683e7a00f8079dd3893f85 | 5244 | 00468804ocq6a30y79n3 | OCC::SyncFileItem::Success |  | 201 | 0 | 0 | 9db0bcfa-87ce-43f6-888a-b4fc93eaec89 | 
2023-07-19T03:02:41Z | 2.Linux/12_practic/12.3.2.png | SyncInstruction(CSYNC_INSTRUCTION_NEW) | OCC::SyncFileItem::Up | | 1689136165 | 767775ddf251249739203c6441340725 | 13664 | 00468805ocq6a30y79n3 | OCC::SyncFileItem::Success |  | 201 | 0 | 0 | 180047be-f3dd-4f3a-9757-303282d6e4d1 | 
2023-07-19T03:02:36Z | 2.Linux/12_practic | SyncInstruction(CSYNC_INSTRUCTION_NEW) | OCC::SyncFileItem::Up | | 1689137781 |  | 0 | 00468781ocq6a30y79n3 | OCC::SyncFileItem::Success |  | 201 | 0 | 0 | 9000f086-7856-4b81-80e5-4be31a163399 | 
2023-07-19T03:02:42Z | 2.Linux/13_practic/13.2.1.png | SyncInstruction(CSYNC_INSTRUCTION_NEW) | OCC::SyncFileItem::Up | | 1689239135 | 56cb2dba7e78be0fef8491ae68dec91a | 43011 | 00468802ocq6a30y79n3 | OCC::SyncFileItem::Success |  | 201 | 0 | 0 | a84348a6-5e09-4fb7-8caa-7ca886f530be | 
2023-07-19T03:02:36Z | 2.Linux/13_practic | SyncInstruction(CSYNC_INSTRUCTION_NEW) | OCC::SyncFileItem::Up | | 1689239424 |  | 0 | 00468783ocq6a30y79n3 | OCC::SyncFileItem::Success |  | 201 | 0 | 0 | 77236cdf-3b3f-4b2e-a8b5-434b6b9f14cc | 
2023-07-19T03:02:42Z | 2.Linux/14_practic/14.2.png | SyncInstruction(CSYNC_INSTRUCTION_NEW) | OCC::SyncFileItem::Up | | 1689304876 | b7e35ac0f29819ad9e8005bb52ab5299 | 12756 | 00468806ocq6a30y79n3 | OCC::SyncFileItem::Success |  | 201 | 0 | 0 | 1c1041d5-bdf1-4922-b798-959a745ad4f7 | 
2023-07-19T03:02:44Z | 2.Linux/14_practic/14.4.png | SyncInstruction(CSYNC_INSTRUCTION_NEW) | OCC::SyncFileItem::Up | | 1689328516 | e35be36ad79057bfff4f4b238ca0ce38 | 37422 | 00468808ocq6a30y79n3 | OCC::SyncFileItem::Success |  | 201 | 0 | 0 | efd1eb16-72f6-4738-8a4c-40d58122472b | 
2023-07-19T03:02:44Z | 2.Linux/15_practic/15.2.png | SyncInstruction(CSYNC_INSTRUCTION_NEW) | OCC::SyncFileItem::Up | | 1689566701 | 2885164399907463a234f5c1a0b5998b | 6481 | 00468809ocq6a30y79n3 | OCC::SyncFileItem::Success |  | 201 | 0 | 0 | 3ed142ff-66d8-40d2-bc6d-964fd74c56e1 | 
2023-07-19T03:02:44Z | 2.Linux/15_practic/15.1.png | SyncInstruction(CSYNC_INSTRUCTION_NEW) | OCC::SyncFileItem::Up | | 1689566145 | 3f4f01385a60d8f13805294a082f8b67 | 47577 | 00468810ocq6a30y79n3 | OCC::SyncFileItem::Success |  | 201 | 0 | 0 | cbb44ebc-7a0d-4721-aeb3-f50e47a40547 | 
2023-07-19T03:02:44Z | 2.Linux/15_practic/15.3.1.png | SyncInstruction(CSYNC_INSTRUCTION_NEW) | OCC::SyncFileItem::Up | | 1689569375 | 7d72601e29fc9affb8bf485c0d5bd022 | 5905 | 00468811ocq6a30y79n3 | OCC::SyncFileItem::Success |  | 201 | 0 | 0 | 7e0bdd70-5b69-4ce6-899b-6aceb17c062d | 
2023-07-19T03:02:44Z | 2.Linux/15_practic/15.3.2.png | SyncInstruction(CSYNC_INSTRUCTION_NEW) | OCC::SyncFileItem::Up | | 1689569407 | c60516ef03817d6a02bcfbd5e68a67d1 | 9661 | 00468812ocq6a30y79n3 | OCC::SyncFileItem::Success |  | 201 | 0 | 0 | 4f33376f-1099-481a-9993-e4576a8cb51e | 
2023-07-19T03:02:43Z | 2.Linux/14_practic/14.3.png | SyncInstruction(CSYNC_INSTRUCTION_NEW) | OCC::SyncFileItem::Up | | 1689328629 | 21be4cdc7b2018f64bfe5a4b1c034161 | 138850 | 00468807ocq6a30y79n3 | OCC::SyncFileItem::Success |  | 201 | 0 | 0 | 27479aaf-ac73-48a5-b90e-3c257d8474de | 
2023-07-19T03:02:36Z | 2.Linux/14_practic | SyncInstruction(CSYNC_INSTRUCTION_NEW) | OCC::SyncFileItem::Up | | 1689328629 |  | 0 | 00468780ocq6a30y79n3 | OCC::SyncFileItem::Success |  | 201 | 0 | 0 | 52c155ea-c621-4f8f-bcce-6d76b9a15901 | 
2023-07-19T03:02:45Z | 2.Linux/15_practic/15.4.2.png | SyncInstruction(CSYNC_INSTRUCTION_NEW) | OCC::SyncFileItem::Up | | 1689571558 | c39aaf766217e21a84c6444a027849cb | 5348 | 00468814ocq6a30y79n3 | OCC::SyncFileItem::Success |  | 201 | 0 | 0 | 3bc2d9a1-a16e-4db5-b0ab-84f951c7eb20 | 
2023-07-19T03:02:45Z | 2.Linux/15_practic/15.3.3.png | SyncInstruction(CSYNC_INSTRUCTION_NEW) | OCC::SyncFileItem::Up | | 1689569435 | 91af3b3afb5724f8d8c772b03b93cbe9 | 7879 | 00468815ocq6a30y79n3 | OCC::SyncFileItem::Success |  | 201 | 0 | 0 | c117eab7-67d7-4402-952d-0e62d1a78e85 | 
2023-07-19T03:02:45Z | 2.Linux/15_practic/15.4.1.png | SyncInstruction(CSYNC_INSTRUCTION_NEW) | OCC::SyncFileItem::Up | | 1689570583 | f5aabb223ee3ae41f23f76cd3450af41 | 24014 | 00468813ocq6a30y79n3 | OCC::SyncFileItem::Success |  | 201 | 0 | 0 | 7d1bd13d-de75-4ec9-b944-ce6fff0d4b3f | 
2023-07-19T03:02:36Z | 2.Linux/15_practic | SyncInstruction(CSYNC_INSTRUCTION_NEW) | OCC::SyncFileItem::Up | | 1689571558 |  | 4096 | 00468782ocq6a30y79n3 | OCC::SyncFileItem::Success |  | 201 | 0 | 0 | f2dacd26-2b3a-41ee-9be9-efe79bb263b1 | 
2023-07-19T03:02:47Z | 2.Linux/2.2/2.4-linux.png | SyncInstruction(CSYNC_INSTRUCTION_NEW) | OCC::SyncFileItem::Up | | 1687749362 | d34a9fcd823f1c0155d69406e7e2add1 | 35446 | 00468821ocq6a30y79n3 | OCC::SyncFileItem::Success |  | 201 | 0 | 0 | 8442c1cf-0916-421d-89f1-0c4b971a1e11 | 
2023-07-19T03:02:47Z | 2.Linux/2.2/2.2-linux.png | SyncInstruction(CSYNC_INSTRUCTION_NEW) | OCC::SyncFileItem::Up | | 1687749362 | 06b99adbc7a4998a274c1c7558ff67f6 | 34550 | 00468823ocq6a30y79n3 | OCC::SyncFileItem::Success |  | 201 | 0 | 0 | 715c0cac-a262-4f56-9221-ef7be397bf67 | 
2023-07-19T03:02:45Z | 2.Linux/2.2 | SyncInstruction(CSYNC_INSTRUCTION_NEW) | OCC::SyncFileItem::Up | | 1687749362 |  | 0 | 00468817ocq6a30y79n3 | OCC::SyncFileItem::Success |  | 201 | 0 | 0 | 5d55fb74-2d57-44d3-b5b3-b1accddba316 | 
2023-07-19T03:02:48Z | 2.Linux/2.4/2.4.1-after.png | SyncInstruction(CSYNC_INSTRUCTION_NEW) | OCC::SyncFileItem::Up | | 1687749362 | 29e89b9575f241d896350984a655ca7e | 3586 | 00468824ocq6a30y79n3 | OCC::SyncFileItem::Success |  | 201 | 0 | 0 | bd52747c-8333-4a02-91b8-ce1b78cb0cd6 | 
2023-07-19T03:02:48Z | 2.Linux/2.4/2.4.1-before.png | SyncInstruction(CSYNC_INSTRUCTION_NEW) | OCC::SyncFileItem::Up | | 1687749362 | 6db028fbdf2d9cba19ad1f458f11de50 | 1906 | 00468825ocq6a30y79n3 | OCC::SyncFileItem::Success |  | 201 | 0 | 0 | 0601bbdc-04b3-4fff-b592-06f9062de8f4 | 
2023-07-19T03:02:48Z | 2.Linux/2.4/2.4.1-script.png | SyncInstruction(CSYNC_INSTRUCTION_NEW) | OCC::SyncFileItem::Up | | 1687749362 | 3915c0b97f7e96cefbeffdbc514b70f0 | 4006 | 00468826ocq6a30y79n3 | OCC::SyncFileItem::Success |  | 201 | 0 | 0 | 38c139dc-db53-4e65-84ff-c65a801d7408 | 
2023-07-19T03:02:49Z | 2.Linux/2.4/practc.txt | SyncInstruction(CSYNC_INSTRUCTION_NEW) | OCC::SyncFileItem::Up | | 1687749362 | b6708dbe8980588e5fe33f4ede3b78ad | 0 | 00468827ocq6a30y79n3 | OCC::SyncFileItem::Success |  | 201 | 0 | 0 | 49fbdcdc-4d3a-4254-8182-d903f0c150a3 | 
2023-07-19T03:02:49Z | 2.Linux/2.4/2.4.2.png | SyncInstruction(CSYNC_INSTRUCTION_NEW) | OCC::SyncFileItem::Up | | 1687749362 | a6dd7fe4a469ddd2f4899f99e15cedcd | 30967 | 00468828ocq6a30y79n3 | OCC::SyncFileItem::Success |  | 201 | 0 | 0 | 7bebe4f8-b27e-46b0-9fa0-7a3484c79969 | 
2023-07-19T03:02:46Z | 2.Linux/2.4 | SyncInstruction(CSYNC_INSTRUCTION_NEW) | OCC::SyncFileItem::Up | | 1687749362 |  | 0 | 00468816ocq6a30y79n3 | OCC::SyncFileItem::Success |  | 201 | 0 | 0 | 8c6cb85f-5191-4eae-a8cd-dca244d23d33 | 
2023-07-19T03:02:50Z | 2.Linux/5_practic/1687762820609.png | SyncInstruction(CSYNC_INSTRUCTION_NEW) | OCC::SyncFileItem::Up | | 1688118299 | 6e5a124a1b80380a474c6d4623dd1d5b | 12122 | 00468831ocq6a30y79n3 | OCC::SyncFileItem::Success |  | 201 | 0 | 0 | 1c73120a-d224-40aa-8ceb-d0318ea50d53 | 
2023-07-19T03:02:49Z | 2.Linux/5_practic/1687760051125.png | SyncInstruction(CSYNC_INSTRUCTION_NEW) | OCC::SyncFileItem::Up | | 1688118299 | ca9cd735d6e1794a36bf6c41926c9448 | 3585 | 00468829ocq6a30y79n3 | OCC::SyncFileItem::Success |  | 201 | 0 | 0 | 9d1d3b49-667c-465b-980d-b9730226e282 | 
2023-07-19T03:02:49Z | 2.Linux/5_practic/1687762635486.png | SyncInstruction(CSYNC_INSTRUCTION_NEW) | OCC::SyncFileItem::Up | | 1688118299 | 3c71bd35f3b484a72fb9bd8558911012 | 10767 | 00468830ocq6a30y79n3 | OCC::SyncFileItem::Success |  | 201 | 0 | 0 | 7c8b97b2-2ac9-4dd6-afcd-45842423668f | 
2023-07-19T03:02:50Z | 2.Linux/5_practic/1687762862705.png | SyncInstruction(CSYNC_INSTRUCTION_NEW) | OCC::SyncFileItem::Up | | 1688118299 | bdd1afd179a3ee89d1124719ff0818ce | 2623 | 00468832ocq6a30y79n3 | OCC::SyncFileItem::Success |  | 201 | 0 | 0 | 8f74524a-6e90-4b9c-bdc9-d7f10b54fbcb | 
2023-07-19T03:02:49Z | 2.Linux/2.3/practic.txt | SyncInstruction(CSYNC_INSTRUCTION_NEW) | OCC::SyncFileItem::Up | | 1687749362 | 1707df36e89a45d7f84b33225f596427 | 3697 | 00468833ocq6a30y79n3 | OCC::SyncFileItem::Success |  | 201 | 0 | 0 | 53d7a311-c731-46fa-8d28-f80b939919ca | 
2023-07-19T03:02:45Z | 2.Linux/2.3 | SyncInstruction(CSYNC_INSTRUCTION_NEW) | OCC::SyncFileItem::Up | | 1687749362 |  | 0 | 00468819ocq6a30y79n3 | OCC::SyncFileItem::Success |  | 201 | 0 | 0 | 0dd794d9-15a1-4e5a-9ed1-b934057915dc | 
2023-07-19T03:02:50Z | 2.Linux/5_practic/practic question.txt | SyncInstruction(CSYNC_INSTRUCTION_NEW) | OCC::SyncFileItem::Up | | 1688118299 | 6061f2a3997d7da19c5510088df3529f | 1003 | 00468834ocq6a30y79n3 | OCC::SyncFileItem::Success |  | 201 | 0 | 0 | 3ee45ee1-7b4a-41bc-b378-a9405b3fe646 | 
2023-07-19T03:02:46Z | 2.Linux/5_practic | SyncInstruction(CSYNC_INSTRUCTION_NEW) | OCC::SyncFileItem::Up | | 1688118299 |  | 0 | 00468820ocq6a30y79n3 | OCC::SyncFileItem::Success |  | 201 | 0 | 0 | 0e6f96ba-1d44-42c9-af6d-10345e1dada5 | 
2023-07-19T03:02:51Z | 2.Linux/6.0/age.sh | SyncInstruction(CSYNC_INSTRUCTION_NEW) | OCC::SyncFileItem::Up | | 1687857670 | 648f76c6ae24495587be40b06b750086 | 143 | 00468835ocq6a30y79n3 | OCC::SyncFileItem::Success |  | 201 | 0 | 0 | 8d4c0f5e-af51-48e4-8b61-ecf889ab6fb1 | 
2023-07-19T03:02:51Z | 2.Linux/6.0/6.5.sh | SyncInstruction(CSYNC_INSTRUCTION_NEW) | OCC::SyncFileItem::Up | | 1687855517 | 6b2c36c975518bd5a37f56e4526760bf | 0 | 00468836ocq6a30y79n3 | OCC::SyncFileItem::Success |  | 201 | 0 | 0 | 25fe208b-9af7-4a88-abb0-3c32a74dae5b | 
2023-07-19T03:02:51Z | 2.Linux/6.0/check_ping.sh | SyncInstruction(CSYNC_INSTRUCTION_NEW) | OCC::SyncFileItem::Up | | 1687862847 | 1f148af28662c36c612aa50e3fc75206 | 164 | 00468837ocq6a30y79n3 | OCC::SyncFileItem::Success |  | 201 | 0 | 0 | 2bc269b6-fab0-4952-9175-c94b578e21cd | 
2023-07-19T03:02:51Z | 2.Linux/6.0/check_ping2.sh | SyncInstruction(CSYNC_INSTRUCTION_NEW) | OCC::SyncFileItem::Up | | 1687862847 | f00712fdce6cb2cda4dfab28af99cf84 | 87 | 00468838ocq6a30y79n3 | OCC::SyncFileItem::Success |  | 201 | 0 | 0 | 4e717d84-c54b-4a4c-a43f-d42b4139081b | 
2023-07-19T03:02:52Z | 2.Linux/6.0/check_resolve.sh | SyncInstruction(CSYNC_INSTRUCTION_NEW) | OCC::SyncFileItem::Up | | 1687862847 | 9b5e5e3cb23940b78ff40641434d7ff0 | 155 | 00468841ocq6a30y79n3 | OCC::SyncFileItem::Success |  | 201 | 0 | 0 | 97dabf66-dd82-4702-9f1c-68496dc1f0fe | 
2023-07-19T03:02:52Z | 2.Linux/7.2/7.2.1.sh | SyncInstruction(CSYNC_INSTRUCTION_NEW) | OCC::SyncFileItem::Up | | 1688035929 | 26855659a7eb7ace660660b2faf0cc64 | 85 | 00468840ocq6a30y79n3 | OCC::SyncFileItem::Success |  | 201 | 0 | 0 | d94b416e-903e-404f-9f91-30eb39b22858 | 
2023-07-19T03:02:53Z | 2.Linux/7.2/7.2.3.sh | SyncInstruction(CSYNC_INSTRUCTION_NEW) | OCC::SyncFileItem::Up | | 1688035929 | 5761928e6387cd1661428973b8759ceb | 149 | 00468843ocq6a30y79n3 | OCC::SyncFileItem::Success |  | 201 | 0 | 0 | f831c6b0-3c87-4da4-8e7a-af372fdaa48b | 
2023-07-19T03:02:52Z | 2.Linux/7.2/7.2.2.sh | SyncInstruction(CSYNC_INSTRUCTION_NEW) | OCC::SyncFileItem::Up | | 1688035929 | 80808cfb7a92efb27dbcb8c5412193fa | 100 | 00468842ocq6a30y79n3 | OCC::SyncFileItem::Success |  | 201 | 0 | 0 | 68d7b99f-4dcf-492b-b114-9812f85c0c23 | 
2023-07-19T03:02:51Z | 2.Linux/6.0/calc.sh | SyncInstruction(CSYNC_INSTRUCTION_NEW) | OCC::SyncFileItem::Up | | 1688005593 | d104fc24e106d0f205e1bf05a801e5b4 | 498 | 00468839ocq6a30y79n3 | OCC::SyncFileItem::Success |  | 201 | 0 | 0 | 1f71d4bb-e1b3-48d3-b34f-b5852b966ae9 | 
2023-07-19T03:02:47Z | 2.Linux/6.0 | SyncInstruction(CSYNC_INSTRUCTION_NEW) | OCC::SyncFileItem::Up | | 1688005584 |  | 4096 | 00468822ocq6a30y79n3 | OCC::SyncFileItem::Success |  | 201 | 0 | 0 | e93fef44-b16d-49e2-b43b-b3d019c156f5 | 
2023-07-19T03:02:54Z | 2.Linux/7.2/text.txt | SyncInstruction(CSYNC_INSTRUCTION_NEW) | OCC::SyncFileItem::Up | | 1688035929 | 8bb64424c21759bcf1872ba9d23ae987 | 17 | 00468845ocq6a30y79n3 | OCC::SyncFileItem::Success |  | 201 | 0 | 0 | 8bd44f50-b32d-4d5b-8ba9-ae249c89a018 | 
2023-07-19T03:02:53Z | 2.Linux/7.2/7.2.4.sh | SyncInstruction(CSYNC_INSTRUCTION_NEW) | OCC::SyncFileItem::Up | | 1688035929 | 26da28f95f9d443b181c34f3cea44095 | 132 | 00468844ocq6a30y79n3 | OCC::SyncFileItem::Success |  | 201 | 0 | 0 | a709d072-b54b-41e3-9a4c-d5fa2da90a94 | 
2023-07-19T03:02:47Z | 2.Linux/7.2 | SyncInstruction(CSYNC_INSTRUCTION_NEW) | OCC::SyncFileItem::Up | | 1688035929 |  | 0 | 00468818ocq6a30y79n3 | OCC::SyncFileItem::Success |  | 201 | 0 | 0 | b4ae886e-6529-4373-b235-431cdd480bbd | 
2023-07-19T03:02:56Z | 2.Linux/7_practic/7.5.1.png | SyncInstruction(CSYNC_INSTRUCTION_NEW) | OCC::SyncFileItem::Up | | 1688120975 | ef671d56799b2f4c53cd608330ec0f3c | 3523 | 00468850ocq6a30y79n3 | OCC::SyncFileItem::Success |  | 201 | 0 | 0 | e4d9411f-23e5-4ed3-b0de-9cd3b81dbd76 | 
2023-07-19T03:02:56Z | 2.Linux/7_practic/7.5.1.txt | SyncInstruction(CSYNC_INSTRUCTION_NEW) | OCC::SyncFileItem::Up | | 1688120758 | ee40de0f6c3d30397377c4bf410b8265 | 127 | 00468852ocq6a30y79n3 | OCC::SyncFileItem::Success |  | 201 | 0 | 0 | 804ed42d-2720-4d22-b68f-d307700b963d | 
2023-07-19T03:02:55Z | 2.Linux/7_practic/7.5.1-sh.png | SyncInstruction(CSYNC_INSTRUCTION_NEW) | OCC::SyncFileItem::Up | | 1688120781 | fbf69769892b2a9692408338d58d2c59 | 6986 | 00468851ocq6a30y79n3 | OCC::SyncFileItem::Success |  | 201 | 0 | 0 | 5362d4ce-62a8-4319-848a-636d88c1227d | 
2023-07-19T03:02:57Z | 2.Linux/7.3/7.3.3.sh | SyncInstruction(CSYNC_INSTRUCTION_NEW) | OCC::SyncFileItem::Up | | 1688120656 | 2c82ac731a2f5e3e63ef4f125186c375 | 137 | 00468854ocq6a30y79n3 | OCC::SyncFileItem::Success |  | 201 | 0 | 0 | e806c9c2-f1a8-48df-8b27-35cbc00c96a0 | 
2023-07-19T03:02:56Z | 2.Linux/7.3/7.3.1.sh | SyncInstruction(CSYNC_INSTRUCTION_NEW) | OCC::SyncFileItem::Up | | 1688035929 | d968e99fc62b33621c96c00943643ca0 | 88 | 00468853ocq6a30y79n3 | OCC::SyncFileItem::Success |  | 201 | 0 | 0 | b2e4a873-9948-44d9-8fde-ba34b826b95d | 
2023-07-19T03:02:57Z | 2.Linux/7.3/num.txt | SyncInstruction(CSYNC_INSTRUCTION_NEW) | OCC::SyncFileItem::Up | | 1688035929 | 1ad91a40a339e1aef3f6a19231c0bb5c | 29 | 00468856ocq6a30y79n3 | OCC::SyncFileItem::Success |  | 201 | 0 | 0 | 01266c05-88b1-4ad4-9fd2-92deb54580cf | 
2023-07-19T03:02:57Z | 2.Linux/7.3/read.txt | SyncInstruction(CSYNC_INSTRUCTION_NEW) | OCC::SyncFileItem::Up | | 1688035929 | 0d25a644409d664a0214323471a4f0f0 | 0 | 00468857ocq6a30y79n3 | OCC::SyncFileItem::Success |  | 201 | 0 | 0 | 4d147d7d-5172-4e64-b7b5-0ffb18a6300f | 
2023-07-19T03:02:56Z | 2.Linux/7.3/7.3.2.sh | SyncInstruction(CSYNC_INSTRUCTION_NEW) | OCC::SyncFileItem::Up | | 1688035929 | 84ff0fff3a429f57a9ca6e7e0b672435 | 106 | 00468855ocq6a30y79n3 | OCC::SyncFileItem::Success |  | 201 | 0 | 0 | 9f9c5a06-9f2a-4d81-9847-dc387437b662 | 
2023-07-19T03:02:54Z | 2.Linux/7.3 | SyncInstruction(CSYNC_INSTRUCTION_NEW) | OCC::SyncFileItem::Up | | 1688035929 |  | 0 | 00468846ocq6a30y79n3 | OCC::SyncFileItem::Success |  | 201 | 0 | 0 | ec29399e-7686-465c-8d45-932453331bfa | 
2023-07-19T03:02:58Z | 2.Linux/7.4/7.4.2.sh | SyncInstruction(CSYNC_INSTRUCTION_NEW) | OCC::SyncFileItem::Up | | 1688092011 | 10f17178f97f8f48749d02a36403bbc8 | 116 | 00468859ocq6a30y79n3 | OCC::SyncFileItem::Success |  | 201 | 0 | 0 | 394e399d-6cb0-41f4-b242-5f455aa6e487 | 
2023-07-19T03:02:58Z | 2.Linux/7.4/fortune.sh | SyncInstruction(CSYNC_INSTRUCTION_NEW) | OCC::SyncFileItem::Up | | 1688118299 | 7e4e0a1138bcc8714aedb7ac534bf3b7 | 242 | 00468860ocq6a30y79n3 | OCC::SyncFileItem::Success |  | 201 | 0 | 0 | 72aad507-c8be-46c3-b25d-3c508ee613b2 | 
2023-07-19T03:02:58Z | 2.Linux/7.4/file.txt | SyncInstruction(CSYNC_INSTRUCTION_NEW) | OCC::SyncFileItem::Up | | 1688092011 | cc2ae3a9cf278711853e591a9242e3eb | 0 | 00468861ocq6a30y79n3 | OCC::SyncFileItem::Success |  | 201 | 0 | 0 | 77285fb3-74d5-4404-a3fe-aaa16fed8ba7 | 
2023-07-19T03:02:59Z | 2.Linux/7.4/fortune.txt | SyncInstruction(CSYNC_INSTRUCTION_NEW) | OCC::SyncFileItem::Up | | 1688118299 | df94ba05d069a493838a335e28fd7de2 | 3032 | 00468862ocq6a30y79n3 | OCC::SyncFileItem::Success |  | 201 | 0 | 0 | 751b9c76-5b05-4db6-a1fe-82f643c7ca46 | 
2023-07-19T03:02:59Z | 2.Linux/7_practic/7.5.2_1.png | SyncInstruction(CSYNC_INSTRUCTION_NEW) | OCC::SyncFileItem::Up | | 1688119364 | b365792f0ab220bf4ef39d210180706e | 9463 | 00468863ocq6a30y79n3 | OCC::SyncFileItem::Success |  | 201 | 0 | 0 | 2a7be5e5-539a-4b43-b6ff-73d70b8a8c4d | 
2023-07-19T03:02:57Z | 2.Linux/7.4/7.4.1.sh | SyncInstruction(CSYNC_INSTRUCTION_NEW) | OCC::SyncFileItem::Up | | 1688118299 | eca86f776b4a9fd43188dbf198dbb910 | 256 | 00468858ocq6a30y79n3 | OCC::SyncFileItem::Success |  | 201 | 0 | 0 | dd7618f6-dc9a-47e9-ab4c-a10b06a6009a | 
2023-07-19T03:02:54Z | 2.Linux/7.4 | SyncInstruction(CSYNC_INSTRUCTION_NEW) | OCC::SyncFileItem::Up | | 1688118299 |  | 0 | 00468847ocq6a30y79n3 | OCC::SyncFileItem::Success |  | 201 | 0 | 0 | 9bbb26e7-dcc0-4177-80c3-b08e1523ebd0 | 
2023-07-19T03:03:00Z | 2.Linux/7_practic/7.5.3.png | SyncInstruction(CSYNC_INSTRUCTION_NEW) | OCC::SyncFileItem::Up | | 1688119790 | 78b65d9218987b9d725bc39005185bf5 | 6223 | 00468865ocq6a30y79n3 | OCC::SyncFileItem::Success |  | 201 | 0 | 0 | 109128ba-3c1e-44d3-8ae7-238ffabdf85f | 
2023-07-19T03:02:59Z | 2.Linux/7_practic/7.5.2_2.png | SyncInstruction(CSYNC_INSTRUCTION_NEW) | OCC::SyncFileItem::Up | | 1688119445 | 96c84d4df0c0d8722693c12be705cee5 | 14731 | 00468864ocq6a30y79n3 | OCC::SyncFileItem::Success |  | 201 | 0 | 0 | f0dadd1e-420e-4d95-9f37-60c9e5d1de02 | 
2023-07-19T03:03:00Z | 2.Linux/7_practic/7.5.3.txt | SyncInstruction(CSYNC_INSTRUCTION_NEW) | OCC::SyncFileItem::Up | | 1688118299 | 10e11cd2606990872fe13b8278b8e777 | 256 | 00468866ocq6a30y79n3 | OCC::SyncFileItem::Success |  | 201 | 0 | 0 | e646dd23-1aca-4e9a-9102-f94e85a81f21 | 
2023-07-19T03:03:00Z | 2.Linux/7_practic/7.5.4.png | SyncInstruction(CSYNC_INSTRUCTION_NEW) | OCC::SyncFileItem::Up | | 1688122227 | 6b21500a007750674271650b0253838a | 6997 | 00468867ocq6a30y79n3 | OCC::SyncFileItem::Success |  | 201 | 0 | 0 | 7d6eaaf1-8c2d-4b5f-90d8-24b36f826c92 | 
2023-07-19T03:03:00Z | 2.Linux/7_practic/7.5.4.txt | SyncInstruction(CSYNC_INSTRUCTION_NEW) | OCC::SyncFileItem::Up | | 1688121704 | 5f44b3d375f59e789682ad0a0b10ebdd | 129 | 00468869ocq6a30y79n3 | OCC::SyncFileItem::Success |  | 201 | 0 | 0 | 2ec9418e-71d4-4f9a-aa78-582781c1d887 | 
2023-07-19T03:03:01Z | 2.Linux/8.2/test.txt | SyncInstruction(CSYNC_INSTRUCTION_NEW) | OCC::SyncFileItem::Up | | 1688177813 | caf0f82c90ca45666baabc8b765d2723 | 1167 | 00468871ocq6a30y79n3 | OCC::SyncFileItem::Success |  | 201 | 0 | 0 | d3f8e5ff-7a56-46d4-adaf-0b3ffb07c770 | 
2023-07-19T03:03:01Z | 2.Linux/8.2/8.2.2.sh | SyncInstruction(CSYNC_INSTRUCTION_NEW) | OCC::SyncFileItem::Up | | 1688177813 | 4a0b0eef2062f2f17a7e34908c38d555 | 106 | 00468870ocq6a30y79n3 | OCC::SyncFileItem::Success |  | 201 | 0 | 0 | ca999df6-243c-4a4b-8b9d-9c48a27688b9 | 
2023-07-19T03:02:54Z | 2.Linux/8.2 | SyncInstruction(CSYNC_INSTRUCTION_NEW) | OCC::SyncFileItem::Up | | 1688177813 |  | 0 | 00468849ocq6a30y79n3 | OCC::SyncFileItem::Success |  | 201 | 0 | 0 | 590a8a7c-66e1-4f36-876d-64bd0d72e8a1 | 
2023-07-19T03:03:00Z | 2.Linux/7_practic/fortune.sh | SyncInstruction(CSYNC_INSTRUCTION_NEW) | OCC::SyncFileItem::Up | | 1688118299 | 38c1ec8f895562edfce24c8de5dbd004 | 242 | 00468868ocq6a30y79n3 | OCC::SyncFileItem::Success |  | 201 | 0 | 0 | ff8eb4d6-9420-48c8-9644-d975b96acbd4 | 
2023-07-19T03:02:54Z | 2.Linux/7_practic | SyncInstruction(CSYNC_INSTRUCTION_NEW) | OCC::SyncFileItem::Up | | 1688122227 |  | 4096 | 00468848ocq6a30y79n3 | OCC::SyncFileItem::Success |  | 201 | 0 | 0 | f1b7e520-b902-4fd7-a251-66bf62c2df5c | 
2023-07-19T03:03:02Z | 2.Linux/file1 | SyncInstruction(CSYNC_INSTRUCTION_NEW) | OCC::SyncFileItem::Up | | 1687763239 | e4df4e080960c586340c26554ad7dbbd | 0 | 00468875ocq6a30y79n3 | OCC::SyncFileItem::Success |  | 201 | 0 | 0 | 727f091c-2a2d-4119-a743-2aee6a17403f | 
2023-07-19T03:03:02Z | 2.Linux/date | SyncInstruction(CSYNC_INSTRUCTION_NEW) | OCC::SyncFileItem::Up | | 1687757605 | 1b9c4274c8a9ddbd1309b4d63eee8c7e | 128 | 00468876ocq6a30y79n3 | OCC::SyncFileItem::Success |  | 201 | 0 | 0 | 5d4f7e26-9b9b-4c6e-a8d3-5ef3791adbf4 | 
2023-07-19T03:03:03Z | 2.Linux/history.txt | SyncInstruction(CSYNC_INSTRUCTION_NEW) | OCC::SyncFileItem::Up | | 1687749362 | 9ab4087bde683b4a3fade838d7f91c74 | 5102 | 00468879ocq6a30y79n3 | OCC::SyncFileItem::Success |  | 201 | 0 | 0 | dfc1a523-0581-4d0e-8216-c959286ff547 | 
2023-07-19T03:03:04Z | 2.Linux/8_practic/8.2.sh | SyncInstruction(CSYNC_INSTRUCTION_NEW) | OCC::SyncFileItem::Up | | 1688204680 | 8f26e61cf9ad71d6ff15fe6ffb3cd2bd | 95 | 00468882ocq6a30y79n3 | OCC::SyncFileItem::Success |  | 201 | 0 | 0 | b66b1d40-6e66-4550-8e49-bdb8839e1676 | 
2023-07-19T03:03:04Z | 2.Linux/8_practic/8.1.sh | SyncInstruction(CSYNC_INSTRUCTION_NEW) | OCC::SyncFileItem::Up | | 1688204677 | 202e44d0d28d2e9dfa67e5ce0ae7042d | 88 | 00468881ocq6a30y79n3 | OCC::SyncFileItem::Success |  | 201 | 0 | 0 | e6b370ad-99e0-44a0-8803-87a12578cc90 | 
2023-07-19T03:03:05Z | 2.Linux/8_practic/8.4.sh | SyncInstruction(CSYNC_INSTRUCTION_NEW) | OCC::SyncFileItem::Up | | 1688206217 | db535785f5a967f158c4e4ca3da79890 | 129 | 00468883ocq6a30y79n3 | OCC::SyncFileItem::Success |  | 201 | 0 | 0 | 7da504bc-917a-49e1-b9d3-1752b5237b07 | 
2023-07-19T03:03:05Z | 2.Linux/9_practic/9.1/9.1.2.png | SyncInstruction(CSYNC_INSTRUCTION_NEW) | OCC::SyncFileItem::Up | | 1688533716 | 418733af8208144e7f721622f7b4b566 | 11159 | 00468885ocq6a30y79n3 | OCC::SyncFileItem::Success |  | 201 | 0 | 0 | 767f374d-891b-424d-98f5-e22581cc6514 | 
2023-07-19T03:03:06Z | 2.Linux/9_practic/9.1/9.1.3.png | SyncInstruction(CSYNC_INSTRUCTION_NEW) | OCC::SyncFileItem::Up | | 1688545562 | 4c85be908c077349f76b58478f861258 | 9717 | 00468887ocq6a30y79n3 | OCC::SyncFileItem::Success |  | 201 | 0 | 0 | a08845a1-b2a9-4b84-b54d-6821308dd28b | 
2023-07-19T03:03:05Z | 2.Linux/8_practic/8.4.txt | SyncInstruction(CSYNC_INSTRUCTION_NEW) | OCC::SyncFileItem::Up | | 1688206248 | e75496c286192cc28c923f756508ae93 | 127 | 00468884ocq6a30y79n3 | OCC::SyncFileItem::Success |  | 201 | 0 | 0 | a1ff0a56-7e5d-4e9c-ae56-f51e2bed34ef | 
2023-07-19T03:03:04Z | 2.Linux/8.4/8.4.sh | SyncInstruction(CSYNC_INSTRUCTION_NEW) | OCC::SyncFileItem::Up | | 1688182649 | 0c03086840e250925a4cc6aa45477995 | 827 | 00468880ocq6a30y79n3 | OCC::SyncFileItem::Success |  | 201 | 0 | 0 | e05f5633-6af7-42c3-9554-3e3e70a9c41f | 
2023-07-19T03:03:02Z | 2.Linux/8.4 | SyncInstruction(CSYNC_INSTRUCTION_NEW) | OCC::SyncFileItem::Up | | 1688182649 |  | 0 | 00468874ocq6a30y79n3 | OCC::SyncFileItem::Success |  | 201 | 0 | 0 | 92849311-b31b-4eb7-a4ac-97458e917b26 | 
2023-07-19T03:03:05Z | 2.Linux/8_practic/8.3.txt | SyncInstruction(CSYNC_INSTRUCTION_NEW) | OCC::SyncFileItem::Up | | 1688204624 | 1aab8374d3355bc4b4321598b121d277 | 80 | 00468888ocq6a30y79n3 | OCC::SyncFileItem::Success |  | 201 | 0 | 0 | 53979939-0aef-4f68-9cc0-6dd51c0df002 | 
2023-07-19T03:03:02Z | 2.Linux/8_practic | SyncInstruction(CSYNC_INSTRUCTION_NEW) | OCC::SyncFileItem::Up | | 1688206217 |  | 0 | 00468873ocq6a30y79n3 | OCC::SyncFileItem::Success |  | 201 | 0 | 0 | 3a2d1daa-6efe-4fb4-9ece-c1a54adcbf0b | 
2023-07-19T03:03:05Z | 2.Linux/9_practic/9.1/9.1.1.png | SyncInstruction(CSYNC_INSTRUCTION_NEW) | OCC::SyncFileItem::Up | | 1688533606 | 2a9bc1c0326ec6351de81cb2cdf5ee40 | 11171 | 00468886ocq6a30y79n3 | OCC::SyncFileItem::Success |  | 201 | 0 | 0 | 311cd152-0301-4e3d-9be0-2b5a2ee2e3fe | 
2023-07-19T03:03:07Z | 2.Linux/9_practic/9.1/unarch.txt | SyncInstruction(CSYNC_INSTRUCTION_NEW) | OCC::SyncFileItem::Up | | 1688546068 | 26e7d6c356870a4b2c78b0c246e74479 | 865 | 00468890ocq6a30y79n3 | OCC::SyncFileItem::Success |  | 201 | 0 | 0 | 55f6a8d0-44e7-4ca6-84be-3dd30ec634d9 | 
2023-07-19T03:03:08Z | 2.Linux/9_practic/9.2/delete.txt | SyncInstruction(CSYNC_INSTRUCTION_NEW) | OCC::SyncFileItem::Up | | 1688549760 | e47412db2901f2abeacb17046a31535f | 193 | 00468892ocq6a30y79n3 | OCC::SyncFileItem::Success |  | 201 | 0 | 0 | 11cb15a9-a1bf-41ed-92dc-9bef5c507b35 | 
2023-07-19T03:03:07Z | 2.Linux/9_practic/9.2/9.2.1.png | SyncInstruction(CSYNC_INSTRUCTION_NEW) | OCC::SyncFileItem::Up | | 1688549102 | 1a61c16d27ee3cc0fceb7f870d153a61 | 16712 | 00468891ocq6a30y79n3 | OCC::SyncFileItem::Success |  | 201 | 0 | 0 | 1e7c1c77-bd93-4e32-b5f9-e72145072612 | 
2023-07-19T03:03:03Z | 2.Linux/9_practic/9.2 | SyncInstruction(CSYNC_INSTRUCTION_NEW) | OCC::SyncFileItem::Up | | 1688551822 |  | 0 | 00468878ocq6a30y79n3 | OCC::SyncFileItem::Success |  | 201 | 0 | 0 | 020511fc-94b6-4186-a79f-34842f4c1258 | 
2023-07-19T03:03:06Z | 2.Linux/9_practic/9.1/9.1.4.png | SyncInstruction(CSYNC_INSTRUCTION_NEW) | OCC::SyncFileItem::Up | | 1688545707 | c646f11e14cd7f6df044552396505007 | 9790 | 00468889ocq6a30y79n3 | OCC::SyncFileItem::Success |  | 201 | 0 | 0 | 914ee122-891f-44c7-bc8b-c5201ea79693 | 
2023-07-19T03:03:08Z | 2.Linux/mvdir.sh | SyncInstruction(CSYNC_INSTRUCTION_NEW) | OCC::SyncFileItem::Up | | 1687757605 | 7e45d6c4492d328efa53f6d0aad9a302 | 559 | 00468895ocq6a30y79n3 | OCC::SyncFileItem::Success |  | 201 | 0 | 0 | 1bfdeeef-ef29-48bf-a6ab-eb96c2a285dd | 
2023-07-19T03:03:07Z | 2.Linux/9_practic/9.1/9.1.5.png | SyncInstruction(CSYNC_INSTRUCTION_NEW) | OCC::SyncFileItem::Up | | 1688545938 | c19ea75997263aa456ff752a294c60fd | 32870 | 00468894ocq6a30y79n3 | OCC::SyncFileItem::Success |  | 201 | 0 | 0 | 5f2194b8-4868-4f62-b671-fd88439c4315 | 
2023-07-19T03:03:03Z | 2.Linux/9_practic/9.1 | SyncInstruction(CSYNC_INSTRUCTION_NEW) | OCC::SyncFileItem::Up | | 1688551792 |  | 0 | 00468877ocq6a30y79n3 | OCC::SyncFileItem::Success |  | 201 | 0 | 0 | 2b9aa2c9-0ee6-4221-ac10-94058f2f446d | 
2023-07-19T03:03:09Z | 2.Linux/num2 | SyncInstruction(CSYNC_INSTRUCTION_NEW) | OCC::SyncFileItem::Up | | 1687843319 | 4a738015b6a0053a89070d097ca60121 | 0 | 00468896ocq6a30y79n3 | OCC::SyncFileItem::Success |  | 201 | 0 | 0 | 636b7e90-0301-4cd6-a82a-ecb1cf46adc5 | 
2023-07-19T03:03:09Z | 2.Linux/rename.sh | SyncInstruction(CSYNC_INSTRUCTION_NEW) | OCC::SyncFileItem::Up | | 1687763344 | c1d1931b6617668ea74634bdf7ce20d4 | 324 | 00468898ocq6a30y79n3 | OCC::SyncFileItem::Success |  | 201 | 0 | 0 | 91d80223-ff68-4804-b3bf-b25dc3da4787 | 
2023-07-19T03:03:09Z | 2.Linux/script1 | SyncInstruction(CSYNC_INSTRUCTION_NEW) | OCC::SyncFileItem::Up | | 1687757605 | b03a431d1640aac95da0b2b33da3cc06 | 96 | 00468900ocq6a30y79n3 | OCC::SyncFileItem::Success |  | 201 | 0 | 0 | 10375759-9114-41b8-8257-c5afdedf6ac7 | 
2023-07-19T03:03:09Z | 2.Linux/script4 | SyncInstruction(CSYNC_INSTRUCTION_NEW) | OCC::SyncFileItem::Up | | 1687842090 | dd4122956e8e9c2d81aa9a0aca7e8e13 | 303 | 00468897ocq6a30y79n3 | OCC::SyncFileItem::Success |  | 201 | 0 | 0 | aec48ee7-50e8-41aa-9a58-1d8d6d574abd | 
2023-07-19T03:03:10Z | 2.Linux/9_practic/9.3/delcomment.txt | SyncInstruction(CSYNC_INSTRUCTION_NEW) | OCC::SyncFileItem::Up | | 1688551544 | b226602196d2120114c2babf43d352d0 | 127 | 00468902ocq6a30y79n3 | OCC::SyncFileItem::Success |  | 201 | 0 | 0 | 4f05ed03-f4cd-4d50-bbe3-88271a1282e3 | 
2023-07-19T03:03:09Z | 2.Linux/script5.sh | SyncInstruction(CSYNC_INSTRUCTION_NEW) | OCC::SyncFileItem::Up | | 1687853338 | b307b5f0f494310e2ed7104d25be1d9f | 462 | 00468899ocq6a30y79n3 | OCC::SyncFileItem::Success |  | 201 | 0 | 0 | 4086772a-a079-456d-a1cf-661982eac16c | 
2023-07-19T03:03:09Z | 2.Linux/9_practic/9.3/9.3.1.png | SyncInstruction(CSYNC_INSTRUCTION_NEW) | OCC::SyncFileItem::Up | | 1688551503 | a6f4d69c7c4c93ae2ea046042d8a8714 | 12664 | 00468901ocq6a30y79n3 | OCC::SyncFileItem::Success |  | 201 | 0 | 0 | 06b1a5cd-685c-4250-93aa-4bb1eed23eaa | 
2023-07-19T03:03:08Z | 2.Linux/9_practic/9.3 | SyncInstruction(CSYNC_INSTRUCTION_NEW) | OCC::SyncFileItem::Up | | 1688551847 |  | 0 | 00468893ocq6a30y79n3 | OCC::SyncFileItem::Success |  | 201 | 0 | 0 | 5b5bccf3-ad7a-4e48-9e8e-14962509ec90 | 
2023-07-19T03:03:02Z | 2.Linux/9_practic | SyncInstruction(CSYNC_INSTRUCTION_NEW) | OCC::SyncFileItem::Up | | 1688551494 |  | 4096 | 00468872ocq6a30y79n3 | OCC::SyncFileItem::Success |  | 201 | 0 | 0 | 019cff26-3cd4-458c-a356-5f1de7c04910 | 
2023-07-19T03:01:45Z | 2.Linux | SyncInstruction(CSYNC_INSTRUCTION_NEW) | OCC::SyncFileItem::Up | | 1689566133 |  | 4096 | 00468591ocq6a30y79n3 | OCC::SyncFileItem::Success |  | 201 | 0 | 0 | da077fff-ed79-405f-a51b-52aebcfd471a | 
#=#=#=# Syncrun finished 2023-07-19T03:03:11Z (last step: 85981 msec , total: 86585 msec) 
#=#=#=# Syncrun started 2023-07-19T03:03:24Z
#=#=#=#=# Propagation starts 2023-07-19T03:03:33Z (last step: 9009 msec , total: 9009 msec) 
#=#=#=# Syncrun finished 2023-07-19T03:03:33Z (last step: 65 msec , total: 9075 msec) 
